[00:03:43] [Server thread/INFO]: Named entity class_1634['Restless Spirit'/60357, l='ServerLevel[world]', x=-325.07, y=-20.00, z=133.45] died: Restless Spirit was killed
[00:04:27] [Server thread/INFO]: [Not Secure] <Officie> no os preocupeis
[00:04:33] [Server thread/INFO]: [Not Secure] <Officie> llegue sano y salvo con un corazon
[00:04:43] [Server thread/INFO]: [Not Secure] <faribel> q tal el nether
[00:04:45] [Server thread/INFO]: [Not Secure] <faribel> ta lindo
[00:04:49] [Server thread/INFO]: [Not Secure] <Officie> ta lindo si
[00:04:53] [Server thread/INFO]: [Not Secure] <Officie> si hubiera llevado comida
[00:05:15] [Server thread/INFO]: [Not Secure] <Officie> ahora voy a volve
[00:05:52] [Server thread/INFO]: [Not Secure] <Officie> nama ami no se me ocurre pone un waypoint en el portal
[00:06:00] [Server thread/INFO]: [Not Secure] <Officie> tuve que encontra la coordenada con la calculadora
[00:06:06] [Server thread/INFO]: [Not Secure] <faribel> tu ere un tonto
[00:06:47] [Server thread/INFO]: Named entity class_1639['Headless Warrior'/67755, l='ServerLevel[world]', x=-357.42, y=50.00, z=86.14] died: Headless Warrior was slain by Piglin
[00:07:06] [Server thread/INFO]: Officie has made the advancement [Strange Biomes]
[00:07:06] [Server thread/INFO]: Officie has made the advancement [Ancient Battlefield]
[00:07:09] [Server thread/INFO]: Named entity class_1639['Headless Warrior'/69029, l='ServerLevel[world]', x=-400.65, y=38.00, z=-70.16] died: Headless Warrior was shot by Piglin
[00:07:10] [Server thread/INFO]: [Not Secure] <Officie> LOCO QUE ES ESTO
[00:07:15] [Server thread/INFO]: [Not Secure] <faribel> manda captura
[00:07:17] [Server thread/INFO]: [Not Secure] <faribel> o foto por ws
[00:07:18] [Server thread/INFO]: [Not Secure] <faribel> pa ve
[00:07:23] [Server thread/INFO]: Named entity class_1639['Headless Warrior'/67693, l='ServerLevel[world]', x=-404.26, y=36.00, z=-59.25] died: Headless Warrior was shot by Piglin
[00:07:25] [Server thread/INFO]: [Not Secure] <Don_Jaiba> mandala si
[00:07:33] [Server thread/INFO]: [Not Secure] <Officie> por donde
[00:07:37] [Server thread/INFO]: [Not Secure] <faribel> por ws
[00:07:40] [Server thread/INFO]: [Not Secure] <faribel> yo se la enseno
[00:07:43] [Server thread/INFO]: [Not Secure] <Officie> el que
[00:07:47] [Server thread/INFO]: [Not Secure] <faribel> tmm
[00:08:38] [Server thread/INFO]: Named entity class_1639['Headless Warrior'/70166, l='ServerLevel[world]', x=-395.80, y=41.00, z=-54.66] died: Headless Warrior was slain by Piglin
[00:09:08] [Server thread/INFO]: Named entity class_1639['Headless Warrior'/70414, l='ServerLevel[world]', x=-366.35, y=43.00, z=48.71] died: Headless Warrior was shot by Piglin
[00:09:11] [Server thread/INFO]: [Not Secure] <Officie> LOCO
[00:09:15] [Server thread/INFO]: [Not Secure] <Officie> TIENE BLOQUE DE HUESO ETO
[00:09:20] [Server thread/INFO]: [Not Secure] <Officie> pp y pal colmo ta lejisimo
[00:09:20] [Server thread/INFO]: [Not Secure] <faribel> coronaste
[00:09:28] [Server thread/INFO]: [Not Secure] <Officie> voy a tener que entrar
[00:09:35] [Server thread/INFO]: [Not Secure] <Officie> a un lugar con esqueletos withers y phantoms
[00:09:42] [Server thread/INFO]: [Not Secure] <faribel> te va a llevar el diablo
[00:09:47] [Server thread/INFO]: [Not Secure] <Officie> yo salgo vivo
[00:10:23] [Server thread/WARN]: Ignored advancement 'graves:tick' in progress file ./world/advancements/4dfe71dd-f509-3ba7-9831-8815301bc3e6.json - it doesn't exist anymore?
[00:10:23] [Server thread/INFO]: klyo[/100.114.68.51:50521] logged in with entity id 73484 at (-1761.5380577786543, 130.0, -1595.4553880056196)
[00:10:23] [Server thread/INFO]: Syncing Server Configs with Client
[00:10:23] [Server thread/INFO]: Sending data for Config 'resource_backpacks:common/backpacks'
[00:10:23] [Server thread/INFO]: Sending data for Config 'resource_backpacks:common/chest_loot'
[00:10:23] [Server thread/INFO]: Sending data for Config 'resource_backpacks:common/entity_config'
[00:10:23] [Server thread/INFO]: klyo joined the game
[00:10:23] [ForkJoinPool.commonPool-worker-8/INFO]: Loaded 1 player data objects (took 0s 385ms)
[00:10:36] [Server thread/INFO]: Named entity class_1639['Headless Warrior'/74169, l='ServerLevel[world]', x=-367.88, y=48.00, z=153.33] died: Headless Warrior was doomed to fall by Piglin
[00:11:01] [Worker-Main-3/ERROR]: Block-attached entity at invalid position: class_2338{x=147, y=169, z=-166}
[00:11:35] [Server thread/INFO]: [Not Secure] <Officie> loc
[00:11:39] [Server thread/INFO]: [Not Secure] <Officie> no era
[00:11:44] [Server thread/INFO]: [Not Secure] <Officie> bloque de hueso
[00:12:34] [Server thread/INFO]: [Not Secure] <Officie> me lleva el diablo
[00:12:42] [Server thread/INFO]: Named entity class_1639['Headless Warrior'/74327, l='ServerLevel[world]', x=-363.04, y=57.00, z=150.54] died: Headless Warrior was slain by Piglin
[00:12:53] [Server thread/INFO]: [Not Secure] <Officie> donde DIABLO tara el bioma de soul sand
[00:13:46] [Server thread/INFO]: klyo lost connection: Disconnected
[00:13:46] [Server thread/INFO]: klyo left the game
[00:13:49] [Server thread/INFO]: klyo[/100.114.68.51:50645] logged in with entity id 80223 at (-1518.8406061997043, 98.0, -1696.342531939356)
[00:13:49] [Server thread/INFO]: Loaded 1 player data objects (took 0s 0ms)
[00:13:49] [Server thread/INFO]: Syncing Server Configs with Client
[00:13:49] [Server thread/INFO]: Sending data for Config 'resource_backpacks:common/backpacks'
[00:13:49] [Server thread/INFO]: Sending data for Config 'resource_backpacks:common/chest_loot'
[00:13:49] [Server thread/INFO]: Sending data for Config 'resource_backpacks:common/entity_config'
[00:13:49] [Server thread/INFO]: klyo joined the game
[00:13:59] [Server thread/INFO]: Named entity class_1639['Headless Warrior'/79823, l='ServerLevel[world]', x=-356.58, y=49.75, z=86.56] died: Headless Warrior was shot by Piglin
