[20:12:32] [main/INFO] ========================================
[20:12:32] [main/INFO] Minecraft: 1.21.8
[20:12:32] [main/INFO] Side: server
[20:12:32] [main/INFO] Development: false
[20:12:32] [main/INFO] Version: 20.0.810
[20:12:32] [main/INFO] Loader:
[20:12:32] [main/INFO] - Fabric: 0.16.14
[20:12:32] [main/INFO] - Fabric API: 0.130.0+1.21.8
[20:12:32] [main/INFO] Dependencies:
[20:12:32] [main/INFO] - Cloth Config: 19.0.147
[20:12:32] [main/INFO] - Architectury: 17.0.8
[20:12:32] [main/INFO] Mixin: 0.8.7
[20:12:32] [main/INFO] OS: Linux 6.8.0-1030-azure (amd64)
[20:12:32] [main/INFO] Java: 21.0.8 (Ubuntu)
[20:12:32] [main/INFO] ========================================
[20:12:32] [main/INFO] Mods:
[20:12:32] [main/INFO] - amber: 6.0.12+1.21.8
[20:12:32] [main/INFO] - antixray: 1.4.10
[20:12:32] [main/INFO] - architectury: 17.0.8
[20:12:32] [main/INFO] - balm: 21.8.4
[20:12:32] [main/INFO] - blue_endless_jankson: 1.2.3
[20:12:32] [main/INFO] - cardinal-components-base: 7.0.0-beta.1
[20:12:32] [main/INFO] - cardinal-components-entity: 7.0.0-beta.1
[20:12:32] [main/INFO] - cloth-basic-math: 0.6.1
[20:12:32] [main/INFO] - cloth-config: 19.0.147
[20:12:32] [main/INFO] - cloth-config: 19.0.147
[20:12:32] [main/INFO] - clumps: 26.0.0.1
[20:12:32] [main/INFO] - cobweb: 1.3.3
[20:12:32] [main/INFO] - collective: 8.4
[20:12:32] [main/INFO] - com_electronwill_night-config_core: 3.8.2
[20:12:32] [main/INFO] - com_electronwill_night-config_toml: 3.8.2
[20:12:32] [main/INFO] - com_moandjiezana_toml_toml4j: 0.7.2
[20:12:32] [main/INFO] - common-protection-api: 1.0.0
[20:12:32] [main/INFO] - datasync_minecraft: 0.10.0
[20:12:32] [main/INFO] - de_miraculixx_core_dev: 2.4.8
[20:12:32] [main/INFO] - dismountentity: 3.6
[20:12:32] [main/INFO] - dynamiclights: 1.8.8+bump+mod
[20:12:32] [main/INFO] - emotecraft: 3.0.0-a.build.108
[20:12:32] [main/INFO] - error_notifier: 1.0.11
[20:12:32] [main/INFO] - fabric-api: 0.130.0+1.21.8
[20:12:32] [main/INFO] - fabric-api: 0.130.0+1.21.8
[20:12:32] [main/INFO] - fabric-api-base: 0.4.64+9ec45cd82c
[20:12:32] [main/INFO] - fabric-api-lookup-api-v1: 1.6.100+946bf4c32c
[20:12:32] [main/INFO] - fabric-biome-api-v1: 16.0.11+946bf4c32c
[20:12:32] [main/INFO] - fabric-block-api-v1: 1.1.3+946bf4c32c
[20:12:32] [main/INFO] - fabric-block-view-api-v2: 1.0.31+946bf4c32c
[20:12:32] [main/INFO] - fabric-command-api-v2: 2.3.0+52fff9ec2c
[20:12:32] [main/INFO] - fabric-content-registries-v0: 10.0.18+946bf4c32c
[20:12:32] [main/INFO] - fabric-convention-tags-v1: 2.1.40+7f945d5b2c
[20:12:32] [main/INFO] - fabric-convention-tags-v2: 2.15.5+eb5df52f2c
[20:12:32] [main/INFO] - fabric-crash-report-info-v1: 0.3.15+946bf4c32c
[20:12:32] [main/INFO] - fabric-data-attachment-api-v1: 1.8.10+946bf4c32c
[20:12:32] [main/INFO] - fabric-data-generation-api-v1: 23.2.5+9fc9c3b12c
[20:12:32] [main/INFO] - fabric-dimensions-v1: 4.0.19+946bf4c32c
[20:12:32] [main/INFO] - fabric-entity-events-v1: 2.1.1+c9e472732c
[20:12:32] [main/INFO] - fabric-events-interaction-v0: 4.0.23+946bf4c32c
[20:12:32] [main/INFO] - fabric-game-rule-api-v1: 1.0.73+c64c9c5b2c
[20:12:32] [main/INFO] - fabric-item-api-v1: 11.4.3+946bf4c32c
[20:12:32] [main/INFO] - fabric-item-group-api-v1: 4.2.13+946bf4c32c
[20:12:32] [main/INFO] - fabric-language-kotlin: 1.13.4+kotlin.2.2.0
[20:12:32] [main/INFO] - fabric-lifecycle-events-v1: 2.6.3+db4dfd852c
[20:12:32] [main/INFO] - fabric-loot-api-v2: 3.0.55+3f89f5a52c
[20:12:32] [main/INFO] - fabric-loot-api-v3: 2.0.2+946bf4c32c
[20:12:32] [main/INFO] - fabric-message-api-v1: 6.1.1+946bf4c32c
[20:12:32] [main/INFO] - fabric-networking-api-v1: 5.0.1+946bf4c32c
[20:12:32] [main/INFO] - fabric-object-builder-api-v1: 21.1.7+946bf4c32c
[20:12:32] [main/INFO] - fabric-particles-v1: 4.1.7+946bf4c32c
[20:12:32] [main/INFO] - fabric-permissions-api-v0: 0.4.1
[20:12:32] [main/INFO] - fabric-recipe-api-v1: 8.1.14+946bf4c32c
[20:12:32] [main/INFO] - fabric-registry-sync-v0: 6.1.27+946bf4c32c
[20:12:32] [main/INFO] - fabric-rendering-fluids-v1: 3.1.30+fa6cb72b2c
[20:12:32] [main/INFO] - fabric-resource-conditions-api-v1: 5.0.24+946bf4c32c
[20:12:32] [main/INFO] - fabric-resource-loader-v0: 3.1.11+946bf4c32c
[20:12:32] [main/INFO] - fabric-screen-handler-api-v1: 1.3.136+946bf4c32c
[20:12:32] [main/INFO] - fabric-tag-api-v1: 1.2.1+946bf4c32c
[20:12:32] [main/INFO] - fabric-transfer-api-v1: 6.0.5+946bf4c32c
[20:12:32] [main/INFO] - fabric-transitive-access-wideners-v1: 6.4.1+ac3e15d12c
[20:12:32] [main/INFO] - fabricloader: 0.16.14
[20:12:32] [main/INFO] - ferritecore: 8.0.0
[20:12:32] [main/INFO] - forgeconfigapiport: 21.8.0
[20:12:32] [main/INFO] - fzzy_config: 0.7.1+1.21.6
[20:12:32] [main/INFO] - hardcorerevival: 21.8.2
[20:12:32] [main/INFO] - harvest_with_ease: 9.4.0
[20:12:32] [main/INFO] - heartymeals: 1.21.6-r1
[20:12:32] [main/INFO] - io_netty_netty-codec-http: 4.1.82
[20:12:32] [main/INFO] - java: 21
[20:12:32] [main/INFO] - kuma_api: 21.8.2
[20:12:32] [main/INFO] - lithium: 0.18.0+mc1.21.8
[20:12:32] [main/INFO] - luckperms: 5.5.10
[20:12:32] [main/INFO] - midnightlib: 1.7.5
[20:12:32] [main/INFO] - minecraft: 1.21.8
[20:12:32] [main/INFO] - mixinextras: 0.4.1
[20:12:32] [main/INFO] - mobfilter: 0.18.0+1.21.7
[20:12:32] [main/INFO] - mr_blooming_biosphere: 1.1.11
[20:12:32] [main/INFO] - mr_ly_graves: 1-v2.4.2
[20:12:32] [main/INFO] - mss: 1.3.6-1.21.8-fabric
[20:12:32] [main/INFO] - mvs: 4.4.6-1.21.8-fabric
[20:12:32] [main/INFO] - net_peanuuutz_tomlkt_tomlkt-jvm: 0.3.7
[20:12:32] [main/INFO] - net_raphimc_noteblocklib: 3.1.0-SNAPSHOT
[20:12:32] [main/INFO] - netherportalfix: 21.8.1
[20:12:32] [main/INFO] - org_javassist_javassist: 3.30.2-GA
[20:12:32] [main/INFO] - org_jetbrains_kotlin_kotlin-reflect: 2.2.0
[20:12:32] [main/INFO] - org_jetbrains_kotlin_kotlin-stdlib: 2.2.0
[20:12:32] [main/INFO] - org_jetbrains_kotlin_kotlin-stdlib-jdk7: 2.2.0
[20:12:32] [main/INFO] - org_jetbrains_kotlin_kotlin-stdlib-jdk8: 2.2.0
[20:12:32] [main/INFO] - org_jetbrains_kotlinx_atomicfu-jvm: 0.28.0
[20:12:32] [main/INFO] - org_jetbrains_kotlinx_kotlinx-coroutines-core-jvm: 1.10.2
[20:12:32] [main/INFO] - org_jetbrains_kotlinx_kotlinx-coroutines-jdk8: 1.10.2
[20:12:32] [main/INFO] - org_jetbrains_kotlinx_kotlinx-datetime-jvm: 0.6.2
[20:12:32] [main/INFO] - org_jetbrains_kotlinx_kotlinx-io-bytestring-jvm: 0.7.0
[20:12:32] [main/INFO] - org_jetbrains_kotlinx_kotlinx-io-core-jvm: 0.7.0
[20:12:32] [main/INFO] - org_jetbrains_kotlinx_kotlinx-serialization-cbor-jvm: 1.8.1
[20:12:32] [main/INFO] - org_jetbrains_kotlinx_kotlinx-serialization-core-jvm: 1.8.1
[20:12:32] [main/INFO] - org_jetbrains_kotlinx_kotlinx-serialization-json-jvm: 1.8.1
[20:12:32] [main/INFO] - packet_tweaker: 0.6.0-pre.1+1.21.2-pre3
[20:12:32] [main/INFO] - placeholder-api: 2.7.0+1.21.6
[20:12:32] [main/INFO] - player_animation_library: 1.0.4+mc1.21.7
[20:12:32] [main/INFO] - polymer-autohost: 0.13.8+1.21.8
[20:12:32] [main/INFO] - polymer-blocks: 0.13.8+1.21.8
[20:12:32] [main/INFO] - polymer-bundled: 0.13.8+1.21.8
[20:12:32] [main/INFO] - polymer-common: 0.13.8+1.21.8
[20:12:32] [main/INFO] - polymer-core: 0.13.8+1.21.8
[20:12:32] [main/INFO] - polymer-networking: 0.13.8+1.21.8
[20:12:32] [main/INFO] - polymer-registry-sync-manipulator: 0.13.8+1.21.8
[20:12:32] [main/INFO] - polymer-resource-pack: 0.13.8+1.21.8
[20:12:32] [main/INFO] - polymer-resource-pack-extras: 0.13.8+1.21.8
[20:12:32] [main/INFO] - polymer-sound-patcher: 0.13.8+1.21.8
[20:12:32] [main/INFO] - polymer-virtual-entity: 0.13.8+1.21.8
[20:12:32] [main/INFO] - predicate-api: 0.6.0+1.21.2
[20:12:32] [main/INFO] - puzzleslib: 21.8.3
[20:12:32] [main/INFO] - resource_backpacks: 1.21.8-1.2.3
[20:12:32] [main/INFO] - resourceconfigapi: 1.21.8-3.7.3
[20:12:32] [main/INFO] - resourcelibrary: 1.21.8-2.8.1
[20:12:32] [main/INFO] - roughlyenoughitems: 20.0.810
[20:12:32] [main/INFO] - server_translations_api: 2.5.1+1.21.5
[20:12:32] [main/INFO] - sgui: 1.10.0+1.21.6
[20:12:32] [main/INFO] - silk-all: 1.11.2
[20:12:32] [main/INFO] - silk-commands: 1.11.2
[20:12:32] [main/INFO] - silk-core: 1.11.2
[20:12:32] [main/INFO] - silk-game: 1.11.2
[20:12:32] [main/INFO] - silk-igui: 1.11.2
[20:12:32] [main/INFO] - silk-nbt: 1.11.2
[20:12:32] [main/INFO] - silk-network: 1.11.2
[20:12:32] [main/INFO] - silk-persistence: 1.11.2
[20:12:32] [main/INFO] - strawberrylib: 1.21.7-r4
[20:12:32] [main/INFO] - subtle_effects: 1.11.1
[20:12:32] [main/INFO] - torchtoss: 2.2.0+1.21.7
[20:12:32] [main/INFO] - treeharvester: 9.2
[20:12:32] [main/INFO] - universal-graves: 3.8.1+1.21.6
[20:12:32] [main/INFO] - veinminer: 2.4.8
[20:12:32] [main/INFO] - waystones: 21.8.1
[20:12:32] [main/INFO] ========================================
[20:12:32] [main/INFO] [REI] Registered plugin provider DefaultPlugin [roughlyenoughitems] for REICommonPlugin
[20:12:32] [main/INFO] [REI] Registered plugin provider DefaultRuntimePlugin [roughlyenoughitems] for REICommonPlugin
[20:12:32] [main/INFO] [REI] Registered plugin provider FabricFluidAPISupportPlugin for REICommonPlugin
[20:12:33] [main/DEBUG] [REI] Processed 77 tags in 1.202 ms for minecraft:entity_type
[20:12:33] [main/DEBUG] [REI] Processed 3 tags in 39.20 μs for minecraft:point_of_interest_type
[20:12:34] [main/DEBUG] [REI] Processed 392 tags in 2.513 ms for minecraft:block
[20:12:34] [main/DEBUG] [REI] Processed 5 tags in 18.37 μs for minecraft:fluid
[20:12:34] [main/DEBUG] [REI] Processed 510 tags in 1.627 ms for minecraft:item
[20:12:34] [main/DEBUG] [REI] Processed 5 tags in 64.16 μs for minecraft:game_event
[20:12:48] [Server thread/DEBUG] [REI] Starting Reload Plugins of stage null
java.lang.Throwable
	at knot//me.shedaniel.rei.impl.common.plugins.ReloadManagerImpl.reloadPlugins(ReloadManagerImpl.java:110)
	at knot//me.shedaniel.rei.RoughlyEnoughItemsCore.lambda$onInitialize$5(RoughlyEnoughItemsCore.java:157)
	at knot//dev.architectury.event.fabric.EventHandlerImpl.lambda$registerCommon$10(EventHandlerImpl.java:67)
	at knot//net.fabricmc.fabric.api.event.lifecycle.v1.ServerLifecycleEvents.lambda$static$2(ServerLifecycleEvents.java:49)
	at knot//net.minecraft.server.MinecraftServer.handler$zlm000$fabric-lifecycle-events-v1$afterSetupServer(MinecraftServer.java:3202)
	at knot//net.minecraft.server.MinecraftServer.method_29741(MinecraftServer.java:676)
	at knot//net.minecraft.server.MinecraftServer.method_29739(MinecraftServer.java:291)
	at java.base/java.lang.Thread.run(Thread.java:1583)
[20:12:48] [Server thread/DEBUG] [REI] ========================================
[20:12:48] [Server thread/DEBUG] [REI] REICommonPlugin starting pre-reload for START.
[20:12:48] [Server thread/DEBUG] [REI] Reloadables (8):
[20:12:48] [Server thread/DEBUG] [REI]  - SlotAccessorRegistryImpl
[20:12:48] [Server thread/DEBUG] [REI]  - EntryTypeRegistryImpl
[20:12:48] [Server thread/DEBUG] [REI]  - EntrySettingsAdapterRegistryImpl
[20:12:48] [Server thread/DEBUG] [REI]  - ItemComparatorRegistryImpl
[20:12:48] [Server thread/DEBUG] [REI]  - FluidComparatorRegistryImpl
[20:12:48] [Server thread/DEBUG] [REI]  - DisplaySerializerRegistryImpl
[20:12:48] [Server thread/DEBUG] [REI]  - ServerDisplayRegistryImpl
[20:12:48] [Server thread/DEBUG] [REI]  - FluidSupportProviderImpl
[20:12:48] [Server thread/DEBUG] [REI] Plugins (3):
[20:12:48] [Server thread/DEBUG] [REI]  - (-100.00) DefaultPlugin of DefaultPlugin [roughlyenoughitems]
[20:12:48] [Server thread/DEBUG] [REI]  - (0.00) FabricFluidAPISupportPlugin
[20:12:48] [Server thread/DEBUG] [REI]  - (0.00) DefaultRuntimePlugin of DefaultRuntimePlugin [roughlyenoughitems]
[20:12:48] [Server thread/DEBUG] [REI] ========================================
[20:12:48] [Server thread/TRACE] [REI] [REICommonPlugin START] Reloading Section: "pre-register/"
[20:12:48] [Server thread/TRACE] [REI] [REICommonPlugin START] Reloading Section: "pre-register/DefaultPlugin of DefaultPlugin [roughlyenoughitems]/"
[20:12:48] [Server thread/TRACE] [REI] [REICommonPlugin START] Reloading Section: "pre-register/DefaultPlugin of DefaultPlugin [roughlyenoughitems]/" done in 731.3 μs
[20:12:48] [Server thread/TRACE] [REI] [REICommonPlugin START] Reloading Section: "pre-register/FabricFluidAPISupportPlugin/"
[20:12:48] [Server thread/TRACE] [REI] [REICommonPlugin START] Reloading Section: "pre-register/FabricFluidAPISupportPlugin/" done in 40.05 μs
[20:12:48] [Server thread/TRACE] [REI] [REICommonPlugin START] Reloading Section: "pre-register/DefaultRuntimePlugin of DefaultRuntimePlugin [roughlyenoughitems]/"
[20:12:48] [Server thread/TRACE] [REI] [REICommonPlugin START] Reloading Section: "pre-register/DefaultRuntimePlugin of DefaultRuntimePlugin [roughlyenoughitems]/" done in 50.13 μs
[20:12:48] [Server thread/TRACE] [REI] [REICommonPlugin START] Reloading Section: "pre-register/" done in 7.060 ms
[20:12:48] [Server thread/TRACE] [REI] [REICommonPlugin START] Reloading Section: "pre-stage/"
[20:12:48] [Server thread/TRACE] [REI] [REICommonPlugin START] Reloading Section: "pre-stage/SlotAccessorRegistryImpl/"
[20:12:48] [Server thread/TRACE] [REI] [REICommonPlugin START] Reloading Section: "pre-stage/SlotAccessorRegistryImpl/" done in 171.9 μs
[20:12:48] [Server thread/TRACE] [REI] [REICommonPlugin START] Reloading Section: "pre-stage/EntryTypeRegistryImpl/"
[20:12:48] [Server thread/TRACE] [REI] [REICommonPlugin START] Reloading Section: "pre-stage/EntryTypeRegistryImpl/" done in 52.56 μs
[20:12:48] [Server thread/TRACE] [REI] [REICommonPlugin START] Reloading Section: "pre-stage/EntrySettingsAdapterRegistryImpl/"
[20:12:48] [Server thread/TRACE] [REI] [REICommonPlugin START] Reloading Section: "pre-stage/EntrySettingsAdapterRegistryImpl/" done in 36.45 μs
[20:12:48] [Server thread/TRACE] [REI] [REICommonPlugin START] Reloading Section: "pre-stage/ItemComparatorRegistryImpl/"
[20:12:48] [Server thread/TRACE] [REI] [REICommonPlugin START] Reloading Section: "pre-stage/ItemComparatorRegistryImpl/" done in 38.80 μs
[20:12:48] [Server thread/TRACE] [REI] [REICommonPlugin START] Reloading Section: "pre-stage/FluidComparatorRegistryImpl/"
[20:12:48] [Server thread/TRACE] [REI] [REICommonPlugin START] Reloading Section: "pre-stage/FluidComparatorRegistryImpl/" done in 39.36 μs
[20:12:48] [Server thread/TRACE] [REI] [REICommonPlugin START] Reloading Section: "pre-stage/DisplaySerializerRegistryImpl/"
[20:12:48] [Server thread/TRACE] [REI] [REICommonPlugin START] Reloading Section: "pre-stage/DisplaySerializerRegistryImpl/" done in 59.68 μs
[20:12:48] [Server thread/TRACE] [REI] [REICommonPlugin START] Reloading Section: "pre-stage/ServerDisplayRegistryImpl/"
[20:12:48] [Server thread/TRACE] [REI] [REICommonPlugin START] Reloading Section: "pre-stage/ServerDisplayRegistryImpl/" done in 80.08 μs
[20:12:48] [Server thread/TRACE] [REI] [REICommonPlugin START] Reloading Section: "pre-stage/FluidSupportProviderImpl/"
[20:12:48] [Server thread/TRACE] [REI] [REICommonPlugin START] Reloading Section: "pre-stage/FluidSupportProviderImpl/" done in 42.19 μs
[20:12:48] [Server thread/TRACE] [REI] [REICommonPlugin START] Reloading Section: "pre-stage/" done in 1.394 ms
[20:12:48] [Server thread/DEBUG] [REI] ========================================
[20:12:48] [Server thread/DEBUG] [REI] REICommonPlugin finished pre-reload for START in 8.899 ms.
[20:12:48] [Server thread/DEBUG] [REI] ========================================
[20:12:48] [Server thread/INFO] [REI] ########################################
[20:12:48] [Server thread/INFO] [REI] REICommonPlugin starting main-reload for START.
[20:12:48] [Server thread/DEBUG] [REI] Reloadables (8):
[20:12:48] [Server thread/DEBUG] [REI]  - SlotAccessorRegistryImpl
[20:12:48] [Server thread/DEBUG] [REI]  - EntryTypeRegistryImpl
[20:12:48] [Server thread/DEBUG] [REI]  - EntrySettingsAdapterRegistryImpl
[20:12:48] [Server thread/DEBUG] [REI]  - ItemComparatorRegistryImpl
[20:12:48] [Server thread/DEBUG] [REI]  - FluidComparatorRegistryImpl
[20:12:48] [Server thread/DEBUG] [REI]  - DisplaySerializerRegistryImpl
[20:12:48] [Server thread/DEBUG] [REI]  - ServerDisplayRegistryImpl
[20:12:48] [Server thread/DEBUG] [REI]  - FluidSupportProviderImpl
[20:12:48] [Server thread/INFO] [REI] Plugins (3):
[20:12:48] [Server thread/INFO] [REI]  - (-100.00) DefaultPlugin of DefaultPlugin [roughlyenoughitems]
[20:12:48] [Server thread/INFO] [REI]  - (0.00) FabricFluidAPISupportPlugin
[20:12:48] [Server thread/INFO] [REI]  - (0.00) DefaultRuntimePlugin of DefaultRuntimePlugin [roughlyenoughitems]
[20:12:48] [Server thread/INFO] [REI] ########################################
[20:12:48] [Server thread/TRACE] [REI] [REICommonPlugin START] Reloading Section: "start-reload/"
[20:12:48] [Server thread/TRACE] [REI] [REICommonPlugin START] Reloading Section: "start-reload/SlotAccessorRegistryImpl/"
[20:12:48] [Server thread/TRACE] [REI] [REICommonPlugin START] Reloading Section: "start-reload/SlotAccessorRegistryImpl/" done in 62.68 μs
[20:12:48] [Server thread/TRACE] [REI] [REICommonPlugin START] Reloading Section: "start-reload/EntryTypeRegistryImpl/"
[20:12:48] [Server thread/TRACE] [REI] [REICommonPlugin START] Reloading Section: "start-reload/EntryTypeRegistryImpl/" done in 80.48 μs
[20:12:48] [Server thread/TRACE] [REI] [REICommonPlugin START] Reloading Section: "start-reload/EntrySettingsAdapterRegistryImpl/"
[20:12:48] [Server thread/TRACE] [REI] [REICommonPlugin START] Reloading Section: "start-reload/EntrySettingsAdapterRegistryImpl/" done in 58.37 μs
[20:12:48] [Server thread/TRACE] [REI] [REICommonPlugin START] Reloading Section: "start-reload/ItemComparatorRegistryImpl/"
[20:12:48] [Server thread/TRACE] [REI] [REICommonPlugin START] Reloading Section: "start-reload/ItemComparatorRegistryImpl/" done in 57.40 μs
[20:12:48] [Server thread/TRACE] [REI] [REICommonPlugin START] Reloading Section: "start-reload/FluidComparatorRegistryImpl/"
[20:12:48] [Server thread/TRACE] [REI] [REICommonPlugin START] Reloading Section: "start-reload/FluidComparatorRegistryImpl/" done in 47.72 μs
[20:12:48] [Server thread/TRACE] [REI] [REICommonPlugin START] Reloading Section: "start-reload/DisplaySerializerRegistryImpl/"
[20:12:48] [Server thread/TRACE] [REI] [REICommonPlugin START] Reloading Section: "start-reload/DisplaySerializerRegistryImpl/" done in 56.85 μs
[20:12:48] [Server thread/TRACE] [REI] [REICommonPlugin START] Reloading Section: "start-reload/ServerDisplayRegistryImpl/"
[20:12:48] [Server thread/TRACE] [REI] [REICommonPlugin START] Reloading Section: "start-reload/ServerDisplayRegistryImpl/" done in 44.67 μs
[20:12:48] [Server thread/TRACE] [REI] [REICommonPlugin START] Reloading Section: "start-reload/FluidSupportProviderImpl/"
[20:12:48] [Server thread/TRACE] [REI] [REICommonPlugin START] Reloading Section: "start-reload/FluidSupportProviderImpl/" done in 42.29 μs
[20:12:48] [Server thread/TRACE] [REI] [REICommonPlugin START] Reloading Section: "start-reload/" done in 1.377 ms
[20:12:48] [Server thread/DEBUG] [REI] ========================================
[20:12:48] [Server thread/DEBUG] [REI] REICommonPlugin started main-reload for START.
[20:12:48] [Server thread/DEBUG] [REI] ========================================
[20:12:48] [Server thread/TRACE] [REI] [REICommonPlugin START] Reloading Section: "reloadable-plugin/SlotAccessorRegistryImpl/"
[20:12:48] [Server thread/TRACE] [REI] [REICommonPlugin START] Reloading Section: "reloadable-plugin/SlotAccessorRegistryImpl/DefaultPlugin of DefaultPlugin [roughlyenoughitems]/"
[20:12:48] [Server thread/TRACE] [REI] [REICommonPlugin START] Reloading Section: "reloadable-plugin/SlotAccessorRegistryImpl/DefaultPlugin of DefaultPlugin [roughlyenoughitems]/" done in 244.4 μs
[20:12:48] [Server thread/TRACE] [REI] [REICommonPlugin START] Reloading Section: "reloadable-plugin/SlotAccessorRegistryImpl/FabricFluidAPISupportPlugin/"
[20:12:48] [Server thread/TRACE] [REI] [REICommonPlugin START] Reloading Section: "reloadable-plugin/SlotAccessorRegistryImpl/FabricFluidAPISupportPlugin/" done in 51.55 μs
[20:12:48] [Server thread/TRACE] [REI] [REICommonPlugin START] Reloading Section: "reloadable-plugin/SlotAccessorRegistryImpl/DefaultRuntimePlugin of DefaultRuntimePlugin [roughlyenoughitems]/"
[20:12:48] [Server thread/TRACE] [REI] [REICommonPlugin START] Reloading Section: "reloadable-plugin/SlotAccessorRegistryImpl/DefaultRuntimePlugin of DefaultRuntimePlugin [roughlyenoughitems]/" done in 47.14 μs
[20:12:48] [Server thread/TRACE] [REI] [REICommonPlugin START] Reloading Section: "reloadable-plugin/SlotAccessorRegistryImpl/" done in 1.049 ms
[20:12:48] [Server thread/TRACE] [REI] [REICommonPlugin START] Reloading Section: "reloadable-plugin/EntryTypeRegistryImpl/"
[20:12:48] [Server thread/TRACE] [REI] [REICommonPlugin START] Reloading Section: "reloadable-plugin/EntryTypeRegistryImpl/DefaultPlugin of DefaultPlugin [roughlyenoughitems]/"
[20:12:48] [Server thread/TRACE] [REI] [REICommonPlugin START] Reloading Section: "reloadable-plugin/EntryTypeRegistryImpl/DefaultPlugin of DefaultPlugin [roughlyenoughitems]/" done in 65.27 μs
[20:12:48] [Server thread/TRACE] [REI] [REICommonPlugin START] Reloading Section: "reloadable-plugin/EntryTypeRegistryImpl/FabricFluidAPISupportPlugin/"
[20:12:48] [Server thread/TRACE] [REI] [REICommonPlugin START] Reloading Section: "reloadable-plugin/EntryTypeRegistryImpl/FabricFluidAPISupportPlugin/" done in 98.85 μs
[20:12:48] [Server thread/TRACE] [REI] [REICommonPlugin START] Reloading Section: "reloadable-plugin/EntryTypeRegistryImpl/DefaultRuntimePlugin of DefaultRuntimePlugin [roughlyenoughitems]/"
[20:12:48] [Server thread/TRACE] [REI] [REICommonPlugin START] Reloading Section: "reloadable-plugin/EntryTypeRegistryImpl/DefaultRuntimePlugin of DefaultRuntimePlugin [roughlyenoughitems]/" done in 3.898 ms
[20:12:48] [Server thread/TRACE] [REI] [REICommonPlugin START] Reloading Section: "reloadable-plugin/EntryTypeRegistryImpl/" done in 4.458 ms
[20:12:48] [Server thread/TRACE] [REI] [REICommonPlugin START] Reloading Section: "reloadable-plugin/EntrySettingsAdapterRegistryImpl/"
[20:12:48] [Server thread/TRACE] [REI] [REICommonPlugin START] Reloading Section: "reloadable-plugin/EntrySettingsAdapterRegistryImpl/DefaultPlugin of DefaultPlugin [roughlyenoughitems]/"
[20:12:48] [Server thread/TRACE] [REI] [REICommonPlugin START] Reloading Section: "reloadable-plugin/EntrySettingsAdapterRegistryImpl/DefaultPlugin of DefaultPlugin [roughlyenoughitems]/" done in 35.89 μs
[20:12:48] [Server thread/TRACE] [REI] [REICommonPlugin START] Reloading Section: "reloadable-plugin/EntrySettingsAdapterRegistryImpl/FabricFluidAPISupportPlugin/"
[20:12:48] [Server thread/TRACE] [REI] [REICommonPlugin START] Reloading Section: "reloadable-plugin/EntrySettingsAdapterRegistryImpl/FabricFluidAPISupportPlugin/" done in 26.61 μs
[20:12:48] [Server thread/TRACE] [REI] [REICommonPlugin START] Reloading Section: "reloadable-plugin/EntrySettingsAdapterRegistryImpl/DefaultRuntimePlugin of DefaultRuntimePlugin [roughlyenoughitems]/"
[20:12:48] [Server thread/TRACE] [REI] [REICommonPlugin START] Reloading Section: "reloadable-plugin/EntrySettingsAdapterRegistryImpl/DefaultRuntimePlugin of DefaultRuntimePlugin [roughlyenoughitems]/" done in 25.35 μs
[20:12:48] [Server thread/TRACE] [REI] [REICommonPlugin START] Reloading Section: "reloadable-plugin/EntrySettingsAdapterRegistryImpl/" done in 321.3 μs
[20:12:48] [Server thread/TRACE] [REI] [REICommonPlugin START] Reloading Section: "reloadable-plugin/ItemComparatorRegistryImpl/"
[20:12:48] [Server thread/TRACE] [REI] [REICommonPlugin START] Reloading Section: "reloadable-plugin/ItemComparatorRegistryImpl/DefaultPlugin of DefaultPlugin [roughlyenoughitems]/"
[20:12:48] [Server thread/TRACE] [REI] [REICommonPlugin START] Reloading Section: "reloadable-plugin/ItemComparatorRegistryImpl/DefaultPlugin of DefaultPlugin [roughlyenoughitems]/" done in 508.6 μs
[20:12:48] [Server thread/TRACE] [REI] [REICommonPlugin START] Reloading Section: "reloadable-plugin/ItemComparatorRegistryImpl/FabricFluidAPISupportPlugin/"
[20:12:48] [Server thread/TRACE] [REI] [REICommonPlugin START] Reloading Section: "reloadable-plugin/ItemComparatorRegistryImpl/FabricFluidAPISupportPlugin/" done in 37.29 μs
[20:12:48] [Server thread/TRACE] [REI] [REICommonPlugin START] Reloading Section: "reloadable-plugin/ItemComparatorRegistryImpl/DefaultRuntimePlugin of DefaultRuntimePlugin [roughlyenoughitems]/"
[20:12:48] [Server thread/TRACE] [REI] [REICommonPlugin START] Reloading Section: "reloadable-plugin/ItemComparatorRegistryImpl/DefaultRuntimePlugin of DefaultRuntimePlugin [roughlyenoughitems]/" done in 26.72 μs
[20:12:48] [Server thread/TRACE] [REI] [REICommonPlugin START] Reloading Section: "reloadable-plugin/ItemComparatorRegistryImpl/" done in 821.9 μs
[20:12:48] [Server thread/TRACE] [REI] [REICommonPlugin START] Reloading Section: "reloadable-plugin/FluidComparatorRegistryImpl/"
[20:12:48] [Server thread/TRACE] [REI] [REICommonPlugin START] Reloading Section: "reloadable-plugin/FluidComparatorRegistryImpl/DefaultPlugin of DefaultPlugin [roughlyenoughitems]/"
[20:12:48] [Server thread/TRACE] [REI] [REICommonPlugin START] Reloading Section: "reloadable-plugin/FluidComparatorRegistryImpl/DefaultPlugin of DefaultPlugin [roughlyenoughitems]/" done in 31.70 μs
[20:12:48] [Server thread/TRACE] [REI] [REICommonPlugin START] Reloading Section: "reloadable-plugin/FluidComparatorRegistryImpl/FabricFluidAPISupportPlugin/"
[20:12:48] [Server thread/TRACE] [REI] [REICommonPlugin START] Reloading Section: "reloadable-plugin/FluidComparatorRegistryImpl/FabricFluidAPISupportPlugin/" done in 52.35 μs
[20:12:48] [Server thread/TRACE] [REI] [REICommonPlugin START] Reloading Section: "reloadable-plugin/FluidComparatorRegistryImpl/DefaultRuntimePlugin of DefaultRuntimePlugin [roughlyenoughitems]/"
[20:12:48] [Server thread/TRACE] [REI] [REICommonPlugin START] Reloading Section: "reloadable-plugin/FluidComparatorRegistryImpl/DefaultRuntimePlugin of DefaultRuntimePlugin [roughlyenoughitems]/" done in 52.34 μs
[20:12:48] [Server thread/TRACE] [REI] [REICommonPlugin START] Reloading Section: "reloadable-plugin/FluidComparatorRegistryImpl/" done in 463.3 μs
[20:12:48] [Server thread/TRACE] [REI] [REICommonPlugin START] Reloading Section: "reloadable-plugin/DisplaySerializerRegistryImpl/"
[20:12:48] [Server thread/TRACE] [REI] [REICommonPlugin START] Reloading Section: "reloadable-plugin/DisplaySerializerRegistryImpl/DefaultPlugin of DefaultPlugin [roughlyenoughitems]/"
[20:12:48] [Server thread/DEBUG] [REI] Added display serializer [minecraft:client/crafting/shaped] me.shedaniel.rei.api.common.display.DisplaySerializer$1@340f824b
[20:12:48] [Server thread/DEBUG] [REI] Added display serializer [minecraft:client/crafting/shapeless] me.shedaniel.rei.api.common.display.DisplaySerializer$1@101c6445
[20:12:48] [Server thread/DEBUG] [REI] Added display serializer [minecraft:client/smelting] me.shedaniel.rei.api.common.display.DisplaySerializer$1@5daf78a3
[20:12:48] [Server thread/DEBUG] [REI] Added display serializer [minecraft:client/smoking] me.shedaniel.rei.api.common.display.DisplaySerializer$1@3b3b05d0
[20:12:48] [Server thread/DEBUG] [REI] Added display serializer [minecraft:client/blasting] me.shedaniel.rei.api.common.display.DisplaySerializer$1@79611c2e
[20:12:48] [Server thread/DEBUG] [REI] Added display serializer [minecraft:default/crafting/shaped] me.shedaniel.rei.api.common.display.DisplaySerializer$1@1f6ce47
[20:12:48] [Server thread/DEBUG] [REI] Added display serializer [minecraft:default/crafting/shapeless] me.shedaniel.rei.api.common.display.DisplaySerializer$1@49f532b4
[20:12:48] [Server thread/DEBUG] [REI] Added display serializer [minecraft:default/crafting/custom] me.shedaniel.rei.api.common.display.DisplaySerializer$1@60e6a284
[20:12:48] [Server thread/DEBUG] [REI] Added display serializer [minecraft:default/crafting/custom_shaped] me.shedaniel.rei.api.common.display.DisplaySerializer$1@53cf5229
[20:12:48] [Server thread/DEBUG] [REI] Added display serializer [minecraft:default/crafting/custom_shapeless] me.shedaniel.rei.api.common.display.DisplaySerializer$1@490840a0
[20:12:48] [Server thread/DEBUG] [REI] Added display serializer [minecraft:extension/crafting/map_extending] me.shedaniel.rei.api.common.display.DisplaySerializer$1@1ccb496
[20:12:48] [Server thread/DEBUG] [REI] Added display serializer [minecraft:default/smelting] me.shedaniel.rei.api.common.display.DisplaySerializer$1@cd1383e
[20:12:48] [Server thread/DEBUG] [REI] Added display serializer [minecraft:default/smoking] me.shedaniel.rei.api.common.display.DisplaySerializer$1@5a4fcf
[20:12:48] [Server thread/DEBUG] [REI] Added display serializer [minecraft:default/blasting] me.shedaniel.rei.api.common.display.DisplaySerializer$1@5275fa54
[20:12:48] [Server thread/DEBUG] [REI] Added display serializer [minecraft:default/campfire] me.shedaniel.rei.api.common.display.DisplaySerializer$1@30a2b276
[20:12:48] [Server thread/DEBUG] [REI] Added display serializer [minecraft:default/stone_cutting] me.shedaniel.rei.api.common.display.DisplaySerializer$1@772a319e
[20:12:48] [Server thread/DEBUG] [REI] Added display serializer [minecraft:default/stripping] me.shedaniel.rei.api.common.display.DisplaySerializer$1@6ae89cc7
[20:12:48] [Server thread/DEBUG] [REI] Added display serializer [minecraft:default/brewing] me.shedaniel.rei.api.common.display.DisplaySerializer$1@1d21f849
[20:12:48] [Server thread/DEBUG] [REI] Added display serializer [minecraft:default/composting] me.shedaniel.rei.api.common.display.DisplaySerializer$1@7409642d
[20:12:48] [Server thread/DEBUG] [REI] Added display serializer [minecraft:default/fuel] me.shedaniel.rei.api.common.display.DisplaySerializer$1@11d8b6d7
[20:12:48] [Server thread/DEBUG] [REI] Added display serializer [minecraft:default/smithing] me.shedaniel.rei.api.common.display.DisplaySerializer$1@372c39ad
[20:12:48] [Server thread/DEBUG] [REI] Added display serializer [minecraft:default/smithing/trimming] me.shedaniel.rei.api.common.display.DisplaySerializer$1@2e2d7ae
[20:12:48] [Server thread/DEBUG] [REI] Added display serializer [minecraft:default/anvil] me.shedaniel.rei.api.common.display.DisplaySerializer$1@7d712b11
[20:12:48] [Server thread/DEBUG] [REI] Added display serializer [minecraft:default/beacon_base] me.shedaniel.rei.api.common.display.DisplaySerializer$1@3ed5989d
[20:12:48] [Server thread/DEBUG] [REI] Added display serializer [minecraft:default/beacon_payment] me.shedaniel.rei.api.common.display.DisplaySerializer$1@1f35d9af
[20:12:48] [Server thread/DEBUG] [REI] Added display serializer [minecraft:default/tilling] me.shedaniel.rei.api.common.display.DisplaySerializer$1@5cd72acb
[20:12:48] [Server thread/DEBUG] [REI] Added display serializer [minecraft:default/pathing] me.shedaniel.rei.api.common.display.DisplaySerializer$1@69d23eae
[20:12:48] [Server thread/DEBUG] [REI] Added display serializer [minecraft:default/waxing] me.shedaniel.rei.api.common.display.DisplaySerializer$1@14a09185
[20:12:48] [Server thread/DEBUG] [REI] Added display serializer [minecraft:default/waxing_scraping] me.shedaniel.rei.api.common.display.DisplaySerializer$1@1f1c9b7a
[20:12:48] [Server thread/DEBUG] [REI] Added display serializer [minecraft:default/oxidizing] me.shedaniel.rei.api.common.display.DisplaySerializer$1@564613f5
[20:12:48] [Server thread/DEBUG] [REI] Added display serializer [minecraft:default/oxidizing_scraping] me.shedaniel.rei.api.common.display.DisplaySerializer$1@ad3d382
[20:12:48] [Server thread/DEBUG] [REI] Added display serializer [roughlyenoughitems:default/information] me.shedaniel.rei.api.common.display.DisplaySerializer$1@16a052f
[20:12:48] [Server thread/TRACE] [REI] [REICommonPlugin START] Reloading Section: "reloadable-plugin/DisplaySerializerRegistryImpl/DefaultPlugin of DefaultPlugin [roughlyenoughitems]/" done in 42.46 ms
[20:12:48] [Server thread/TRACE] [REI] [REICommonPlugin START] Reloading Section: "reloadable-plugin/DisplaySerializerRegistryImpl/FabricFluidAPISupportPlugin/"
[20:12:48] [Server thread/TRACE] [REI] [REICommonPlugin START] Reloading Section: "reloadable-plugin/DisplaySerializerRegistryImpl/FabricFluidAPISupportPlugin/" done in 51.39 μs
[20:12:48] [Server thread/TRACE] [REI] [REICommonPlugin START] Reloading Section: "reloadable-plugin/DisplaySerializerRegistryImpl/DefaultRuntimePlugin of DefaultRuntimePlugin [roughlyenoughitems]/"
[20:12:48] [Server thread/TRACE] [REI] [REICommonPlugin START] Reloading Section: "reloadable-plugin/DisplaySerializerRegistryImpl/DefaultRuntimePlugin of DefaultRuntimePlugin [roughlyenoughitems]/" done in 51.58 μs
[20:12:48] [Server thread/TRACE] [REI] [REICommonPlugin START] Reloading Section: "reloadable-plugin/DisplaySerializerRegistryImpl/" done in 42.95 ms
[20:12:48] [Server thread/TRACE] [REI] [REICommonPlugin START] Reloading Section: "reloadable-plugin/ServerDisplayRegistryImpl/"
[20:12:48] [Server thread/TRACE] [REI] [REICommonPlugin START] Reloading Section: "reloadable-plugin/ServerDisplayRegistryImpl/DefaultPlugin of DefaultPlugin [roughlyenoughitems]/"
[20:12:48] [Server thread/TRACE] [REI] [REICommonPlugin START] Reloading Section: "reloadable-plugin/ServerDisplayRegistryImpl/DefaultPlugin of DefaultPlugin [roughlyenoughitems]/" done in 70.19 μs
[20:12:48] [Server thread/TRACE] [REI] [REICommonPlugin START] Reloading Section: "reloadable-plugin/ServerDisplayRegistryImpl/FabricFluidAPISupportPlugin/"
[20:12:48] [Server thread/TRACE] [REI] [REICommonPlugin START] Reloading Section: "reloadable-plugin/ServerDisplayRegistryImpl/FabricFluidAPISupportPlugin/" done in 41.01 μs
[20:12:48] [Server thread/TRACE] [REI] [REICommonPlugin START] Reloading Section: "reloadable-plugin/ServerDisplayRegistryImpl/DefaultRuntimePlugin of DefaultRuntimePlugin [roughlyenoughitems]/"
[20:12:48] [Server thread/TRACE] [REI] [REICommonPlugin START] Reloading Section: "reloadable-plugin/ServerDisplayRegistryImpl/DefaultRuntimePlugin of DefaultRuntimePlugin [roughlyenoughitems]/" done in 38.99 μs
[20:12:48] [Server thread/TRACE] [REI] [REICommonPlugin START] Reloading Section: "reloadable-plugin/ServerDisplayRegistryImpl/" done in 472.1 μs
[20:12:48] [Server thread/TRACE] [REI] [REICommonPlugin START] Reloading Section: "reloadable-plugin/FluidSupportProviderImpl/"
[20:12:48] [Server thread/TRACE] [REI] [REICommonPlugin START] Reloading Section: "reloadable-plugin/FluidSupportProviderImpl/DefaultPlugin of DefaultPlugin [roughlyenoughitems]/"
[20:12:48] [Server thread/TRACE] [REI] [REICommonPlugin START] Reloading Section: "reloadable-plugin/FluidSupportProviderImpl/DefaultPlugin of DefaultPlugin [roughlyenoughitems]/" done in 350.4 μs
[20:12:48] [Server thread/TRACE] [REI] [REICommonPlugin START] Reloading Section: "reloadable-plugin/FluidSupportProviderImpl/FabricFluidAPISupportPlugin/"
[20:12:48] [Server thread/TRACE] [REI] [REICommonPlugin START] Reloading Section: "reloadable-plugin/FluidSupportProviderImpl/FabricFluidAPISupportPlugin/" done in 193.6 μs
[20:12:48] [Server thread/TRACE] [REI] [REICommonPlugin START] Reloading Section: "reloadable-plugin/FluidSupportProviderImpl/DefaultRuntimePlugin of DefaultRuntimePlugin [roughlyenoughitems]/"
[20:12:48] [Server thread/TRACE] [REI] [REICommonPlugin START] Reloading Section: "reloadable-plugin/FluidSupportProviderImpl/DefaultRuntimePlugin of DefaultRuntimePlugin [roughlyenoughitems]/" done in 45.02 μs
[20:12:48] [Server thread/TRACE] [REI] [REICommonPlugin START] Reloading Section: "reloadable-plugin/FluidSupportProviderImpl/" done in 900.8 μs
[20:12:48] [Server thread/DEBUG] [REI] ========================================
[20:12:48] [Server thread/DEBUG] [REI] REICommonPlugin ending main-reload for START.
[20:12:48] [Server thread/DEBUG] [REI] ========================================
[20:12:48] [Server thread/TRACE] [REI] [REICommonPlugin START] Reloading Section: "end-reload/"
[20:12:48] [Server thread/TRACE] [REI] [REICommonPlugin START] Reloading Section: "end-reload/SlotAccessorRegistryImpl/"
[20:12:48] [Server thread/TRACE] [REI] [REICommonPlugin START] Reloading Section: "end-reload/SlotAccessorRegistryImpl/" done in 39.68 μs
[20:12:48] [Server thread/TRACE] [REI] [REICommonPlugin START] Reloading Section: "end-reload/EntryTypeRegistryImpl/"
[20:12:48] [Server thread/TRACE] [REI] [REICommonPlugin START] Reloading Section: "end-reload/EntryTypeRegistryImpl/" done in 31.46 μs
[20:12:48] [Server thread/TRACE] [REI] [REICommonPlugin START] Reloading Section: "end-reload/EntrySettingsAdapterRegistryImpl/"
[20:12:48] [Server thread/TRACE] [REI] [REICommonPlugin START] Reloading Section: "end-reload/EntrySettingsAdapterRegistryImpl/" done in 28.15 μs
[20:12:48] [Server thread/TRACE] [REI] [REICommonPlugin START] Reloading Section: "end-reload/ItemComparatorRegistryImpl/"
[20:12:48] [Server thread/TRACE] [REI] [REICommonPlugin START] Reloading Section: "end-reload/ItemComparatorRegistryImpl/" done in 30.24 μs
[20:12:48] [Server thread/TRACE] [REI] [REICommonPlugin START] Reloading Section: "end-reload/FluidComparatorRegistryImpl/"
[20:12:48] [Server thread/TRACE] [REI] [REICommonPlugin START] Reloading Section: "end-reload/FluidComparatorRegistryImpl/" done in 28.67 μs
[20:12:48] [Server thread/TRACE] [REI] [REICommonPlugin START] Reloading Section: "end-reload/DisplaySerializerRegistryImpl/"
[20:12:48] [Server thread/TRACE] [REI] [REICommonPlugin START] Reloading Section: "end-reload/DisplaySerializerRegistryImpl/" done in 36.48 μs
[20:12:48] [Server thread/TRACE] [REI] [REICommonPlugin START] Reloading Section: "end-reload/ServerDisplayRegistryImpl/"
[20:12:48] [Server thread/TRACE] [REI] [REICommonPlugin START] Reloading Section: "end-reload/ServerDisplayRegistryImpl/" done in 22.68 μs
[20:12:48] [Server thread/TRACE] [REI] [REICommonPlugin START] Reloading Section: "end-reload/FluidSupportProviderImpl/"
[20:12:48] [Server thread/TRACE] [REI] [REICommonPlugin START] Reloading Section: "end-reload/FluidSupportProviderImpl/" done in 24.07 μs
[20:12:48] [Server thread/TRACE] [REI] [REICommonPlugin START] Reloading Section: "end-reload/" done in 838.3 μs
[20:12:48] [Server thread/DEBUG] [REI] ========================================
[20:12:48] [Server thread/DEBUG] [REI] REICommonPlugin ended main-reload for START in 56.91 ms.
[20:12:48] [Server thread/DEBUG] [REI] ========================================
[20:12:48] [Server thread/DEBUG] [REI] ========================================
[20:12:48] [Server thread/DEBUG] [REI] REICommonPlugin starting post-reload for START.
[20:12:48] [Server thread/DEBUG] [REI] Reloadables (8):
[20:12:48] [Server thread/DEBUG] [REI]  - SlotAccessorRegistryImpl
[20:12:48] [Server thread/DEBUG] [REI]  - EntryTypeRegistryImpl
[20:12:48] [Server thread/DEBUG] [REI]  - EntrySettingsAdapterRegistryImpl
[20:12:48] [Server thread/DEBUG] [REI]  - ItemComparatorRegistryImpl
[20:12:48] [Server thread/DEBUG] [REI]  - FluidComparatorRegistryImpl
[20:12:48] [Server thread/DEBUG] [REI]  - DisplaySerializerRegistryImpl
[20:12:48] [Server thread/DEBUG] [REI]  - ServerDisplayRegistryImpl
[20:12:48] [Server thread/DEBUG] [REI]  - FluidSupportProviderImpl
[20:12:48] [Server thread/DEBUG] [REI] Plugins (3):
[20:12:48] [Server thread/DEBUG] [REI]  - (-100.00) DefaultPlugin of DefaultPlugin [roughlyenoughitems]
[20:12:48] [Server thread/DEBUG] [REI]  - (0.00) FabricFluidAPISupportPlugin
[20:12:48] [Server thread/DEBUG] [REI]  - (0.00) DefaultRuntimePlugin of DefaultRuntimePlugin [roughlyenoughitems]
[20:12:48] [Server thread/DEBUG] [REI] ========================================
[20:12:48] [Server thread/TRACE] [REI] [REICommonPlugin START] Reloading Section: "post-register/"
[20:12:48] [Server thread/TRACE] [REI] [REICommonPlugin START] Reloading Section: "post-register/DefaultPlugin of DefaultPlugin [roughlyenoughitems]/"
[20:12:48] [Server thread/TRACE] [REI] [REICommonPlugin START] Reloading Section: "post-register/DefaultPlugin of DefaultPlugin [roughlyenoughitems]/" done in 241.9 μs
[20:12:48] [Server thread/TRACE] [REI] [REICommonPlugin START] Reloading Section: "post-register/FabricFluidAPISupportPlugin/"
[20:12:48] [Server thread/TRACE] [REI] [REICommonPlugin START] Reloading Section: "post-register/FabricFluidAPISupportPlugin/" done in 65.83 μs
[20:12:48] [Server thread/TRACE] [REI] [REICommonPlugin START] Reloading Section: "post-register/DefaultRuntimePlugin of DefaultRuntimePlugin [roughlyenoughitems]/"
[20:12:48] [Server thread/TRACE] [REI] [REICommonPlugin START] Reloading Section: "post-register/DefaultRuntimePlugin of DefaultRuntimePlugin [roughlyenoughitems]/" done in 35.17 μs
[20:12:48] [Server thread/TRACE] [REI] [REICommonPlugin START] Reloading Section: "post-register/" done in 1.034 ms
[20:12:48] [Server thread/TRACE] [REI] [REICommonPlugin START] Reloading Section: "post-stage/"
[20:12:48] [Server thread/TRACE] [REI] [REICommonPlugin START] Reloading Section: "post-stage/SlotAccessorRegistryImpl/"
[20:12:48] [Server thread/TRACE] [REI] [REICommonPlugin START] Reloading Section: "post-stage/SlotAccessorRegistryImpl/" done in 46.75 μs
[20:12:48] [Server thread/TRACE] [REI] [REICommonPlugin START] Reloading Section: "post-stage/EntryTypeRegistryImpl/"
[20:12:48] [Server thread/TRACE] [REI] [REICommonPlugin START] Reloading Section: "post-stage/EntryTypeRegistryImpl/" done in 34.97 μs
[20:12:48] [Server thread/TRACE] [REI] [REICommonPlugin START] Reloading Section: "post-stage/EntrySettingsAdapterRegistryImpl/"
[20:12:48] [Server thread/TRACE] [REI] [REICommonPlugin START] Reloading Section: "post-stage/EntrySettingsAdapterRegistryImpl/" done in 27.66 μs
[20:12:48] [Server thread/TRACE] [REI] [REICommonPlugin START] Reloading Section: "post-stage/ItemComparatorRegistryImpl/"
[20:12:48] [Server thread/TRACE] [REI] [REICommonPlugin START] Reloading Section: "post-stage/ItemComparatorRegistryImpl/" done in 34.82 μs
[20:12:48] [Server thread/TRACE] [REI] [REICommonPlugin START] Reloading Section: "post-stage/FluidComparatorRegistryImpl/"
[20:12:48] [Server thread/TRACE] [REI] [REICommonPlugin START] Reloading Section: "post-stage/FluidComparatorRegistryImpl/" done in 53.67 μs
[20:12:48] [Server thread/TRACE] [REI] [REICommonPlugin START] Reloading Section: "post-stage/DisplaySerializerRegistryImpl/"
[20:12:48] [Server thread/TRACE] [REI] [REICommonPlugin START] Reloading Section: "post-stage/DisplaySerializerRegistryImpl/" done in 31.22 μs
[20:12:48] [Server thread/TRACE] [REI] [REICommonPlugin START] Reloading Section: "post-stage/ServerDisplayRegistryImpl/"
[20:12:48] [Server thread/TRACE] [REI] [REICommonPlugin START] Reloading Section: "post-stage/ServerDisplayRegistryImpl/" done in 25.99 μs
[20:12:48] [Server thread/TRACE] [REI] [REICommonPlugin START] Reloading Section: "post-stage/FluidSupportProviderImpl/"
[20:12:48] [Server thread/TRACE] [REI] [REICommonPlugin START] Reloading Section: "post-stage/FluidSupportProviderImpl/" done in 28.99 μs
[20:12:48] [Server thread/TRACE] [REI] [REICommonPlugin START] Reloading Section: "post-stage/" done in 1.005 ms
[20:12:48] [Server thread/DEBUG] [REI] ========================================
[20:12:48] [Server thread/INFO] [REI] REICommonPlugin finished post-reload for START in 2.154 ms, totaling 67.95 ms.
[20:12:48] [Server thread/DEBUG] [REI] ========================================
[20:12:48] [Server thread/DEBUG] [REI] ========================================
[20:12:48] [Server thread/DEBUG] [REI] REICommonPlugin starting pre-reload for END.
[20:12:48] [Server thread/DEBUG] [REI] Reloadables (8):
[20:12:48] [Server thread/DEBUG] [REI]  - SlotAccessorRegistryImpl
[20:12:48] [Server thread/DEBUG] [REI]  - EntryTypeRegistryImpl
[20:12:48] [Server thread/DEBUG] [REI]  - EntrySettingsAdapterRegistryImpl
[20:12:48] [Server thread/DEBUG] [REI]  - ItemComparatorRegistryImpl
[20:12:48] [Server thread/DEBUG] [REI]  - FluidComparatorRegistryImpl
[20:12:48] [Server thread/DEBUG] [REI]  - DisplaySerializerRegistryImpl
[20:12:48] [Server thread/DEBUG] [REI]  - ServerDisplayRegistryImpl
[20:12:48] [Server thread/DEBUG] [REI]  - FluidSupportProviderImpl
[20:12:48] [Server thread/DEBUG] [REI] Plugins (3):
[20:12:48] [Server thread/DEBUG] [REI]  - (-100.00) DefaultPlugin of DefaultPlugin [roughlyenoughitems]
[20:12:48] [Server thread/DEBUG] [REI]  - (0.00) FabricFluidAPISupportPlugin
[20:12:48] [Server thread/DEBUG] [REI]  - (0.00) DefaultRuntimePlugin of DefaultRuntimePlugin [roughlyenoughitems]
[20:12:48] [Server thread/DEBUG] [REI] ========================================
[20:12:48] [Server thread/TRACE] [REI] [REICommonPlugin END] Reloading Section: "pre-register/"
[20:12:48] [Server thread/TRACE] [REI] [REICommonPlugin END] Reloading Section: "pre-register/DefaultPlugin of DefaultPlugin [roughlyenoughitems]/"
[20:12:48] [Server thread/TRACE] [REI] [REICommonPlugin END] Reloading Section: "pre-register/DefaultPlugin of DefaultPlugin [roughlyenoughitems]/" done in 49.99 μs
[20:12:48] [Server thread/TRACE] [REI] [REICommonPlugin END] Reloading Section: "pre-register/FabricFluidAPISupportPlugin/"
[20:12:48] [Server thread/TRACE] [REI] [REICommonPlugin END] Reloading Section: "pre-register/FabricFluidAPISupportPlugin/" done in 36.01 μs
[20:12:48] [Server thread/TRACE] [REI] [REICommonPlugin END] Reloading Section: "pre-register/DefaultRuntimePlugin of DefaultRuntimePlugin [roughlyenoughitems]/"
[20:12:48] [Server thread/TRACE] [REI] [REICommonPlugin END] Reloading Section: "pre-register/DefaultRuntimePlugin of DefaultRuntimePlugin [roughlyenoughitems]/" done in 34.77 μs
[20:12:48] [Server thread/TRACE] [REI] [REICommonPlugin END] Reloading Section: "pre-register/" done in 377.9 μs
[20:12:48] [Server thread/TRACE] [REI] [REICommonPlugin END] Reloading Section: "pre-stage/"
[20:12:48] [Server thread/TRACE] [REI] [REICommonPlugin END] Reloading Section: "pre-stage/SlotAccessorRegistryImpl/"
[20:12:48] [Server thread/TRACE] [REI] [REICommonPlugin END] Reloading Section: "pre-stage/SlotAccessorRegistryImpl/" done in 29.89 μs
[20:12:48] [Server thread/TRACE] [REI] [REICommonPlugin END] Reloading Section: "pre-stage/EntryTypeRegistryImpl/"
[20:12:48] [Server thread/TRACE] [REI] [REICommonPlugin END] Reloading Section: "pre-stage/EntryTypeRegistryImpl/" done in 41.71 μs
[20:12:48] [Server thread/TRACE] [REI] [REICommonPlugin END] Reloading Section: "pre-stage/EntrySettingsAdapterRegistryImpl/"
[20:12:48] [Server thread/TRACE] [REI] [REICommonPlugin END] Reloading Section: "pre-stage/EntrySettingsAdapterRegistryImpl/" done in 31.07 μs
[20:12:48] [Server thread/TRACE] [REI] [REICommonPlugin END] Reloading Section: "pre-stage/ItemComparatorRegistryImpl/"
[20:12:48] [Server thread/TRACE] [REI] [REICommonPlugin END] Reloading Section: "pre-stage/ItemComparatorRegistryImpl/" done in 29.76 μs
[20:12:48] [Server thread/TRACE] [REI] [REICommonPlugin END] Reloading Section: "pre-stage/FluidComparatorRegistryImpl/"
[20:12:48] [Server thread/TRACE] [REI] [REICommonPlugin END] Reloading Section: "pre-stage/FluidComparatorRegistryImpl/" done in 45.42 μs
[20:12:48] [Server thread/TRACE] [REI] [REICommonPlugin END] Reloading Section: "pre-stage/DisplaySerializerRegistryImpl/"
[20:12:48] [Server thread/TRACE] [REI] [REICommonPlugin END] Reloading Section: "pre-stage/DisplaySerializerRegistryImpl/" done in 24.75 μs
[20:12:48] [Server thread/TRACE] [REI] [REICommonPlugin END] Reloading Section: "pre-stage/ServerDisplayRegistryImpl/"
[20:12:48] [Server thread/TRACE] [REI] [REICommonPlugin END] Reloading Section: "pre-stage/ServerDisplayRegistryImpl/" done in 54.75 μs
[20:12:48] [Server thread/TRACE] [REI] [REICommonPlugin END] Reloading Section: "pre-stage/FluidSupportProviderImpl/"
[20:12:48] [Server thread/TRACE] [REI] [REICommonPlugin END] Reloading Section: "pre-stage/FluidSupportProviderImpl/" done in 34.14 μs
[20:12:48] [Server thread/TRACE] [REI] [REICommonPlugin END] Reloading Section: "pre-stage/" done in 847.8 μs
[20:12:48] [Server thread/DEBUG] [REI] ========================================
[20:12:48] [Server thread/DEBUG] [REI] REICommonPlugin finished pre-reload for END in 1.332 ms.
[20:12:48] [Server thread/DEBUG] [REI] ========================================
[20:12:48] [Server thread/INFO] [REI] ****************************************
[20:12:48] [Server thread/INFO] [REI] REICommonPlugin starting main-reload for END.
[20:12:48] [Server thread/DEBUG] [REI] Reloadables (8):
[20:12:48] [Server thread/DEBUG] [REI]  - SlotAccessorRegistryImpl
[20:12:48] [Server thread/DEBUG] [REI]  - EntryTypeRegistryImpl
[20:12:48] [Server thread/DEBUG] [REI]  - EntrySettingsAdapterRegistryImpl
[20:12:48] [Server thread/DEBUG] [REI]  - ItemComparatorRegistryImpl
[20:12:48] [Server thread/DEBUG] [REI]  - FluidComparatorRegistryImpl
[20:12:48] [Server thread/DEBUG] [REI]  - DisplaySerializerRegistryImpl
[20:12:48] [Server thread/DEBUG] [REI]  - ServerDisplayRegistryImpl
[20:12:48] [Server thread/DEBUG] [REI]  - FluidSupportProviderImpl
[20:12:48] [Server thread/INFO] [REI] Plugins (3):
[20:12:48] [Server thread/INFO] [REI]  - (-100.00) DefaultPlugin of DefaultPlugin [roughlyenoughitems]
[20:12:48] [Server thread/INFO] [REI]  - (0.00) FabricFluidAPISupportPlugin
[20:12:48] [Server thread/INFO] [REI]  - (0.00) DefaultRuntimePlugin of DefaultRuntimePlugin [roughlyenoughitems]
[20:12:48] [Server thread/INFO] [REI] ****************************************
[20:12:48] [Server thread/TRACE] [REI] [REICommonPlugin END] Reloading Section: "start-reload/"
[20:12:48] [Server thread/TRACE] [REI] [REICommonPlugin END] Reloading Section: "start-reload/SlotAccessorRegistryImpl/"
[20:12:48] [Server thread/TRACE] [REI] [REICommonPlugin END] Reloading Section: "start-reload/SlotAccessorRegistryImpl/" done in 51.12 μs
[20:12:48] [Server thread/TRACE] [REI] [REICommonPlugin END] Reloading Section: "start-reload/EntryTypeRegistryImpl/"
[20:12:48] [Server thread/TRACE] [REI] [REICommonPlugin END] Reloading Section: "start-reload/EntryTypeRegistryImpl/" done in 38.70 μs
[20:12:48] [Server thread/TRACE] [REI] [REICommonPlugin END] Reloading Section: "start-reload/EntrySettingsAdapterRegistryImpl/"
[20:12:48] [Server thread/TRACE] [REI] [REICommonPlugin END] Reloading Section: "start-reload/EntrySettingsAdapterRegistryImpl/" done in 46.02 μs
[20:12:48] [Server thread/TRACE] [REI] [REICommonPlugin END] Reloading Section: "start-reload/ItemComparatorRegistryImpl/"
[20:12:48] [Server thread/TRACE] [REI] [REICommonPlugin END] Reloading Section: "start-reload/ItemComparatorRegistryImpl/" done in 40.70 μs
[20:12:48] [Server thread/TRACE] [REI] [REICommonPlugin END] Reloading Section: "start-reload/FluidComparatorRegistryImpl/"
[20:12:48] [Server thread/TRACE] [REI] [REICommonPlugin END] Reloading Section: "start-reload/FluidComparatorRegistryImpl/" done in 41.85 μs
[20:12:48] [Server thread/TRACE] [REI] [REICommonPlugin END] Reloading Section: "start-reload/DisplaySerializerRegistryImpl/"
[20:12:48] [Server thread/TRACE] [REI] [REICommonPlugin END] Reloading Section: "start-reload/DisplaySerializerRegistryImpl/" done in 33.54 μs
[20:12:48] [Server thread/TRACE] [REI] [REICommonPlugin END] Reloading Section: "start-reload/ServerDisplayRegistryImpl/"
[20:12:48] [Server thread/TRACE] [REI] [REICommonPlugin END] Reloading Section: "start-reload/ServerDisplayRegistryImpl/" done in 162.3 μs
[20:12:48] [Server thread/TRACE] [REI] [REICommonPlugin END] Reloading Section: "start-reload/FluidSupportProviderImpl/"
[20:12:48] [Server thread/TRACE] [REI] [REICommonPlugin END] Reloading Section: "start-reload/FluidSupportProviderImpl/" done in 50.53 μs
[20:12:48] [Server thread/TRACE] [REI] [REICommonPlugin END] Reloading Section: "start-reload/" done in 1.187 ms
[20:12:48] [Server thread/DEBUG] [REI] ========================================
[20:12:48] [Server thread/DEBUG] [REI] REICommonPlugin started main-reload for END.
[20:12:48] [Server thread/DEBUG] [REI] ========================================
[20:12:48] [Server thread/TRACE] [REI] [REICommonPlugin END] Reloading Section: "reloadable-plugin/SlotAccessorRegistryImpl/"
[20:12:48] [Server thread/TRACE] [REI] [REICommonPlugin END] Reloading Section: "reloadable-plugin/SlotAccessorRegistryImpl/DefaultPlugin of DefaultPlugin [roughlyenoughitems]/"
[20:12:48] [Server thread/TRACE] [REI] [REICommonPlugin END] Reloading Section: "reloadable-plugin/SlotAccessorRegistryImpl/DefaultPlugin of DefaultPlugin [roughlyenoughitems]/" done in 44.35 μs
[20:12:48] [Server thread/TRACE] [REI] [REICommonPlugin END] Reloading Section: "reloadable-plugin/SlotAccessorRegistryImpl/FabricFluidAPISupportPlugin/"
[20:12:48] [Server thread/TRACE] [REI] [REICommonPlugin END] Reloading Section: "reloadable-plugin/SlotAccessorRegistryImpl/FabricFluidAPISupportPlugin/" done in 129.5 μs
[20:12:48] [Server thread/TRACE] [REI] [REICommonPlugin END] Reloading Section: "reloadable-plugin/SlotAccessorRegistryImpl/DefaultRuntimePlugin of DefaultRuntimePlugin [roughlyenoughitems]/"
[20:12:48] [Server thread/DEBUG] [REI] Added slot accessor serializer: me.shedaniel.rei.plugin.common.runtime.DefaultRuntimePlugin$1@7dbd4444 [roughlyenoughitems:vanilla]
[20:12:48] [Server thread/DEBUG] [REI] Added slot accessor serializer: me.shedaniel.rei.plugin.common.runtime.DefaultRuntimePlugin$2@7e691ea7 [roughlyenoughitems:player]
[20:12:48] [Server thread/TRACE] [REI] [REICommonPlugin END] Reloading Section: "reloadable-plugin/SlotAccessorRegistryImpl/DefaultRuntimePlugin of DefaultRuntimePlugin [roughlyenoughitems]/" done in 1.589 ms
[20:12:48] [Server thread/TRACE] [REI] [REICommonPlugin END] Reloading Section: "reloadable-plugin/SlotAccessorRegistryImpl/" done in 2.083 ms
[20:12:48] [Server thread/TRACE] [REI] [REICommonPlugin END] Reloading Section: "reloadable-plugin/EntryTypeRegistryImpl/"
[20:12:48] [Server thread/TRACE] [REI] [REICommonPlugin END] Reloading Section: "reloadable-plugin/EntryTypeRegistryImpl/DefaultPlugin of DefaultPlugin [roughlyenoughitems]/"
[20:12:48] [Server thread/TRACE] [REI] [REICommonPlugin END] Reloading Section: "reloadable-plugin/EntryTypeRegistryImpl/DefaultPlugin of DefaultPlugin [roughlyenoughitems]/" done in 28.91 μs
[20:12:48] [Server thread/TRACE] [REI] [REICommonPlugin END] Reloading Section: "reloadable-plugin/EntryTypeRegistryImpl/FabricFluidAPISupportPlugin/"
[20:12:48] [Server thread/TRACE] [REI] [REICommonPlugin END] Reloading Section: "reloadable-plugin/EntryTypeRegistryImpl/FabricFluidAPISupportPlugin/" done in 35.51 μs
[20:12:48] [Server thread/TRACE] [REI] [REICommonPlugin END] Reloading Section: "reloadable-plugin/EntryTypeRegistryImpl/DefaultRuntimePlugin of DefaultRuntimePlugin [roughlyenoughitems]/"
[20:12:48] [Server thread/TRACE] [REI] [REICommonPlugin END] Reloading Section: "reloadable-plugin/EntryTypeRegistryImpl/DefaultRuntimePlugin of DefaultRuntimePlugin [roughlyenoughitems]/" done in 26.18 μs
[20:12:48] [Server thread/TRACE] [REI] [REICommonPlugin END] Reloading Section: "reloadable-plugin/EntryTypeRegistryImpl/" done in 297.4 μs
[20:12:48] [Server thread/TRACE] [REI] [REICommonPlugin END] Reloading Section: "reloadable-plugin/EntrySettingsAdapterRegistryImpl/"
[20:12:48] [Server thread/TRACE] [REI] [REICommonPlugin END] Reloading Section: "reloadable-plugin/EntrySettingsAdapterRegistryImpl/DefaultPlugin of DefaultPlugin [roughlyenoughitems]/"
[20:12:48] [Server thread/TRACE] [REI] [REICommonPlugin END] Reloading Section: "reloadable-plugin/EntrySettingsAdapterRegistryImpl/DefaultPlugin of DefaultPlugin [roughlyenoughitems]/" done in 32.40 μs
[20:12:48] [Server thread/TRACE] [REI] [REICommonPlugin END] Reloading Section: "reloadable-plugin/EntrySettingsAdapterRegistryImpl/FabricFluidAPISupportPlugin/"
[20:12:48] [Server thread/TRACE] [REI] [REICommonPlugin END] Reloading Section: "reloadable-plugin/EntrySettingsAdapterRegistryImpl/FabricFluidAPISupportPlugin/" done in 37.28 μs
[20:12:48] [Server thread/TRACE] [REI] [REICommonPlugin END] Reloading Section: "reloadable-plugin/EntrySettingsAdapterRegistryImpl/DefaultRuntimePlugin of DefaultRuntimePlugin [roughlyenoughitems]/"
[20:12:48] [Server thread/TRACE] [REI] [REICommonPlugin END] Reloading Section: "reloadable-plugin/EntrySettingsAdapterRegistryImpl/DefaultRuntimePlugin of DefaultRuntimePlugin [roughlyenoughitems]/" done in 28.89 μs
[20:12:48] [Server thread/TRACE] [REI] [REICommonPlugin END] Reloading Section: "reloadable-plugin/EntrySettingsAdapterRegistryImpl/" done in 379.1 μs
[20:12:48] [Server thread/TRACE] [REI] [REICommonPlugin END] Reloading Section: "reloadable-plugin/ItemComparatorRegistryImpl/"
[20:12:48] [Server thread/TRACE] [REI] [REICommonPlugin END] Reloading Section: "reloadable-plugin/ItemComparatorRegistryImpl/DefaultPlugin of DefaultPlugin [roughlyenoughitems]/"
[20:12:48] [Server thread/TRACE] [REI] [REICommonPlugin END] Reloading Section: "reloadable-plugin/ItemComparatorRegistryImpl/DefaultPlugin of DefaultPlugin [roughlyenoughitems]/" done in 25.42 μs
[20:12:48] [Server thread/TRACE] [REI] [REICommonPlugin END] Reloading Section: "reloadable-plugin/ItemComparatorRegistryImpl/FabricFluidAPISupportPlugin/"
[20:12:48] [Server thread/TRACE] [REI] [REICommonPlugin END] Reloading Section: "reloadable-plugin/ItemComparatorRegistryImpl/FabricFluidAPISupportPlugin/" done in 24.10 μs
[20:12:48] [Server thread/TRACE] [REI] [REICommonPlugin END] Reloading Section: "reloadable-plugin/ItemComparatorRegistryImpl/DefaultRuntimePlugin of DefaultRuntimePlugin [roughlyenoughitems]/"
[20:12:48] [Server thread/TRACE] [REI] [REICommonPlugin END] Reloading Section: "reloadable-plugin/ItemComparatorRegistryImpl/DefaultRuntimePlugin of DefaultRuntimePlugin [roughlyenoughitems]/" done in 32.51 μs
[20:12:48] [Server thread/TRACE] [REI] [REICommonPlugin END] Reloading Section: "reloadable-plugin/ItemComparatorRegistryImpl/" done in 272.0 μs
[20:12:48] [Server thread/TRACE] [REI] [REICommonPlugin END] Reloading Section: "reloadable-plugin/FluidComparatorRegistryImpl/"
[20:12:48] [Server thread/TRACE] [REI] [REICommonPlugin END] Reloading Section: "reloadable-plugin/FluidComparatorRegistryImpl/DefaultPlugin of DefaultPlugin [roughlyenoughitems]/"
[20:12:48] [Server thread/TRACE] [REI] [REICommonPlugin END] Reloading Section: "reloadable-plugin/FluidComparatorRegistryImpl/DefaultPlugin of DefaultPlugin [roughlyenoughitems]/" done in 27.30 μs
[20:12:48] [Server thread/TRACE] [REI] [REICommonPlugin END] Reloading Section: "reloadable-plugin/FluidComparatorRegistryImpl/FabricFluidAPISupportPlugin/"
[20:12:48] [Server thread/TRACE] [REI] [REICommonPlugin END] Reloading Section: "reloadable-plugin/FluidComparatorRegistryImpl/FabricFluidAPISupportPlugin/" done in 24.38 μs
[20:12:48] [Server thread/TRACE] [REI] [REICommonPlugin END] Reloading Section: "reloadable-plugin/FluidComparatorRegistryImpl/DefaultRuntimePlugin of DefaultRuntimePlugin [roughlyenoughitems]/"
[20:12:48] [Server thread/TRACE] [REI] [REICommonPlugin END] Reloading Section: "reloadable-plugin/FluidComparatorRegistryImpl/DefaultRuntimePlugin of DefaultRuntimePlugin [roughlyenoughitems]/" done in 25.14 μs
[20:12:48] [Server thread/TRACE] [REI] [REICommonPlugin END] Reloading Section: "reloadable-plugin/FluidComparatorRegistryImpl/" done in 269.6 μs
[20:12:48] [Server thread/TRACE] [REI] [REICommonPlugin END] Reloading Section: "reloadable-plugin/DisplaySerializerRegistryImpl/"
[20:12:48] [Server thread/TRACE] [REI] [REICommonPlugin END] Reloading Section: "reloadable-plugin/DisplaySerializerRegistryImpl/DefaultPlugin of DefaultPlugin [roughlyenoughitems]/"
[20:12:48] [Server thread/TRACE] [REI] [REICommonPlugin END] Reloading Section: "reloadable-plugin/DisplaySerializerRegistryImpl/DefaultPlugin of DefaultPlugin [roughlyenoughitems]/" done in 56.74 μs
[20:12:48] [Server thread/TRACE] [REI] [REICommonPlugin END] Reloading Section: "reloadable-plugin/DisplaySerializerRegistryImpl/FabricFluidAPISupportPlugin/"
[20:12:48] [Server thread/TRACE] [REI] [REICommonPlugin END] Reloading Section: "reloadable-plugin/DisplaySerializerRegistryImpl/FabricFluidAPISupportPlugin/" done in 29.86 μs
[20:12:48] [Server thread/TRACE] [REI] [REICommonPlugin END] Reloading Section: "reloadable-plugin/DisplaySerializerRegistryImpl/DefaultRuntimePlugin of DefaultRuntimePlugin [roughlyenoughitems]/"
[20:12:48] [Server thread/TRACE] [REI] [REICommonPlugin END] Reloading Section: "reloadable-plugin/DisplaySerializerRegistryImpl/DefaultRuntimePlugin of DefaultRuntimePlugin [roughlyenoughitems]/" done in 25.35 μs
[20:12:48] [Server thread/TRACE] [REI] [REICommonPlugin END] Reloading Section: "reloadable-plugin/DisplaySerializerRegistryImpl/" done in 408.1 μs
[20:12:48] [Server thread/TRACE] [REI] [REICommonPlugin END] Reloading Section: "reloadable-plugin/ServerDisplayRegistryImpl/"
[20:12:48] [Server thread/TRACE] [REI] [REICommonPlugin END] Reloading Section: "reloadable-plugin/ServerDisplayRegistryImpl/DefaultPlugin of DefaultPlugin [roughlyenoughitems]/"
[20:12:48] [Server thread/DEBUG] [REI] Added display filter: me.shedaniel.rei.api.common.registry.display.DisplayConsumer$RecipeManagerConsumer$RecipeFillerBuilder$$Lambda/0x00007922957014d8@da32241
[20:12:48] [Server thread/DEBUG] [REI] Added display filter: me.shedaniel.rei.api.common.registry.display.DisplayConsumer$RecipeManagerConsumer$RecipeFillerBuilder$$Lambda/0x00007922957014d8@7ca61269
[20:12:48] [Server thread/DEBUG] [REI] Added display filter: me.shedaniel.rei.api.common.registry.display.DisplayConsumer$RecipeManagerConsumer$RecipeFillerBuilder$$Lambda/0x00007922957014d8@20c061c6
[20:12:48] [Server thread/DEBUG] [REI] Added display filter: me.shedaniel.rei.api.common.registry.display.DisplayConsumer$RecipeManagerConsumer$RecipeFillerBuilder$$Lambda/0x00007922957014d8@704f43e7
[20:12:48] [Server thread/DEBUG] [REI] Added display filter: me.shedaniel.rei.api.common.registry.display.DisplayConsumer$RecipeManagerConsumer$RecipeFillerBuilder$$Lambda/0x00007922957014d8@48bd2f46
[20:12:48] [Server thread/DEBUG] [REI] Added display filter: me.shedaniel.rei.api.common.registry.display.DisplayConsumer$RecipeManagerConsumer$RecipeFillerBuilder$$Lambda/0x00007922957014d8@4f06c28f
[20:12:48] [Server thread/DEBUG] [REI] Added display filter: me.shedaniel.rei.api.common.registry.display.DisplayConsumer$RecipeManagerConsumer$RecipeFillerBuilder$$Lambda/0x00007922957014d8@b35fd2
[20:12:48] [Server thread/DEBUG] [REI] Added display filter: me.shedaniel.rei.api.common.registry.display.DisplayConsumer$RecipeManagerConsumer$RecipeFillerBuilder$$Lambda/0x0000792295702d70@4c39c3af
[20:12:48] [Server thread/DEBUG] [REI] Added display filter: me.shedaniel.rei.api.common.registry.display.DisplayConsumer$RecipeManagerConsumer$RecipeFillerBuilder$$Lambda/0x0000792295702d70@6fa027b2
[20:12:48] [Server thread/DEBUG] [REI] Added display filter: me.shedaniel.rei.api.common.registry.display.DisplayConsumer$RecipeManagerConsumer$RecipeFillerBuilder$$Lambda/0x0000792295702d70@68950bf5
[20:12:48] [Server thread/DEBUG] [REI] Added display filter: me.shedaniel.rei.api.common.registry.display.DisplayConsumer$RecipeManagerConsumer$RecipeFillerBuilder$$Lambda/0x0000792295702d70@4c0490bb
[20:12:48] [Server thread/DEBUG] [REI] Added display filter: me.shedaniel.rei.api.common.registry.display.DisplayConsumer$RecipeManagerConsumer$RecipeFillerBuilder$$Lambda/0x0000792295702d70@4e22162f
[20:12:48] [Server thread/DEBUG] [REI] Added display filter: me.shedaniel.rei.api.common.registry.display.DisplayConsumer$RecipeManagerConsumer$RecipeFillerBuilder$$Lambda/0x0000792295702d70@20d125ee
[20:12:48] [Server thread/DEBUG] [REI] Added display filter: me.shedaniel.rei.api.common.registry.display.DisplayConsumer$RecipeManagerConsumer$RecipeFillerBuilder$$Lambda/0x0000792295702d70@605b58a2
[20:12:48] [Server thread/DEBUG] [REI] Added display filter: me.shedaniel.rei.api.common.registry.display.DisplayConsumer$RecipeManagerConsumer$RecipeFillerBuilder$$Lambda/0x0000792295702d70@8328d5a
[20:12:48] [Server thread/DEBUG] [REI] Added display filter: me.shedaniel.rei.api.common.registry.display.DisplayConsumer$RecipeManagerConsumer$RecipeFillerBuilder$$Lambda/0x0000792295702d70@567f711d
[20:12:48] [Server thread/TRACE] [REI] [REICommonPlugin END] Reloading Section: "reloadable-plugin/ServerDisplayRegistryImpl/DefaultPlugin of DefaultPlugin [roughlyenoughitems]/" done in 4.931 ms
[20:12:48] [Server thread/TRACE] [REI] [REICommonPlugin END] Reloading Section: "reloadable-plugin/ServerDisplayRegistryImpl/FabricFluidAPISupportPlugin/"
[20:12:48] [Server thread/TRACE] [REI] [REICommonPlugin END] Reloading Section: "reloadable-plugin/ServerDisplayRegistryImpl/FabricFluidAPISupportPlugin/" done in 46.09 μs
[20:12:48] [Server thread/TRACE] [REI] [REICommonPlugin END] Reloading Section: "reloadable-plugin/ServerDisplayRegistryImpl/DefaultRuntimePlugin of DefaultRuntimePlugin [roughlyenoughitems]/"
[20:12:48] [Server thread/TRACE] [REI] [REICommonPlugin END] Reloading Section: "reloadable-plugin/ServerDisplayRegistryImpl/DefaultRuntimePlugin of DefaultRuntimePlugin [roughlyenoughitems]/" done in 40.61 μs
[20:12:48] [Server thread/TRACE] [REI] [REICommonPlugin END] Reloading Section: "reloadable-plugin/ServerDisplayRegistryImpl/" done in 5.291 ms
[20:12:48] [Server thread/TRACE] [REI] [REICommonPlugin END] Reloading Section: "reloadable-plugin/FluidSupportProviderImpl/"
[20:12:48] [Server thread/TRACE] [REI] [REICommonPlugin END] Reloading Section: "reloadable-plugin/FluidSupportProviderImpl/DefaultPlugin of DefaultPlugin [roughlyenoughitems]/"
[20:12:48] [Server thread/TRACE] [REI] [REICommonPlugin END] Reloading Section: "reloadable-plugin/FluidSupportProviderImpl/DefaultPlugin of DefaultPlugin [roughlyenoughitems]/" done in 24.38 μs
[20:12:48] [Server thread/TRACE] [REI] [REICommonPlugin END] Reloading Section: "reloadable-plugin/FluidSupportProviderImpl/FabricFluidAPISupportPlugin/"
[20:12:48] [Server thread/TRACE] [REI] [REICommonPlugin END] Reloading Section: "reloadable-plugin/FluidSupportProviderImpl/FabricFluidAPISupportPlugin/" done in 26.70 μs
[20:12:48] [Server thread/TRACE] [REI] [REICommonPlugin END] Reloading Section: "reloadable-plugin/FluidSupportProviderImpl/DefaultRuntimePlugin of DefaultRuntimePlugin [roughlyenoughitems]/"
[20:12:48] [Server thread/TRACE] [REI] [REICommonPlugin END] Reloading Section: "reloadable-plugin/FluidSupportProviderImpl/DefaultRuntimePlugin of DefaultRuntimePlugin [roughlyenoughitems]/" done in 26.99 μs
[20:12:48] [Server thread/TRACE] [REI] [REICommonPlugin END] Reloading Section: "reloadable-plugin/FluidSupportProviderImpl/" done in 315.1 μs
[20:12:48] [Server thread/DEBUG] [REI] ========================================
[20:12:48] [Server thread/DEBUG] [REI] REICommonPlugin ending main-reload for END.
[20:12:48] [Server thread/DEBUG] [REI] ========================================
[20:12:48] [Server thread/TRACE] [REI] [REICommonPlugin END] Reloading Section: "end-reload/"
[20:12:48] [Server thread/TRACE] [REI] [REICommonPlugin END] Reloading Section: "end-reload/SlotAccessorRegistryImpl/"
[20:12:48] [Server thread/DEBUG] [REI] Registered 2 slot accessor serializers
[20:12:48] [Server thread/TRACE] [REI] [REICommonPlugin END] Reloading Section: "end-reload/SlotAccessorRegistryImpl/" done in 77.82 μs
[20:12:48] [Server thread/TRACE] [REI] [REICommonPlugin END] Reloading Section: "end-reload/EntryTypeRegistryImpl/"
[20:12:48] [Server thread/TRACE] [REI] [REICommonPlugin END] Reloading Section: "end-reload/EntryTypeRegistryImpl/" done in 23.67 μs
[20:12:48] [Server thread/TRACE] [REI] [REICommonPlugin END] Reloading Section: "end-reload/EntrySettingsAdapterRegistryImpl/"
[20:12:48] [Server thread/TRACE] [REI] [REICommonPlugin END] Reloading Section: "end-reload/EntrySettingsAdapterRegistryImpl/" done in 21.55 μs
[20:12:48] [Server thread/TRACE] [REI] [REICommonPlugin END] Reloading Section: "end-reload/ItemComparatorRegistryImpl/"
[20:12:48] [Server thread/TRACE] [REI] [REICommonPlugin END] Reloading Section: "end-reload/ItemComparatorRegistryImpl/" done in 17.62 μs
[20:12:48] [Server thread/TRACE] [REI] [REICommonPlugin END] Reloading Section: "end-reload/FluidComparatorRegistryImpl/"
[20:12:48] [Server thread/TRACE] [REI] [REICommonPlugin END] Reloading Section: "end-reload/FluidComparatorRegistryImpl/" done in 18.09 μs
[20:12:48] [Server thread/TRACE] [REI] [REICommonPlugin END] Reloading Section: "end-reload/DisplaySerializerRegistryImpl/"
[20:12:48] [Server thread/TRACE] [REI] [REICommonPlugin END] Reloading Section: "end-reload/DisplaySerializerRegistryImpl/" done in 21.51 μs
[20:12:48] [Server thread/TRACE] [REI] [REICommonPlugin END] Reloading Section: "end-reload/ServerDisplayRegistryImpl/"
[20:12:48] [Server thread/DEBUG] [REI] Found preliminary 0 displays
[20:12:48] [Server thread/DEBUG] [REI] Filled 1869 displays from recipe manager in 62.11 ms
[20:12:48] [Server thread/TRACE] [REI] [REICommonPlugin END] Reloading Section: "end-reload/ServerDisplayRegistryImpl/" done in 62.37 ms
[20:12:48] [Server thread/TRACE] [REI] [REICommonPlugin END] Reloading Section: "end-reload/FluidSupportProviderImpl/"
[20:12:48] [Server thread/TRACE] [REI] [REICommonPlugin END] Reloading Section: "end-reload/FluidSupportProviderImpl/" done in 27.40 μs
[20:12:48] [Server thread/TRACE] [REI] [REICommonPlugin END] Reloading Section: "end-reload/" done in 63.09 ms
[20:12:48] [Server thread/DEBUG] [REI] ========================================
[20:12:48] [Server thread/DEBUG] [REI] REICommonPlugin ended main-reload for END in 75.95 ms.
[20:12:48] [Server thread/DEBUG] [REI] ========================================
[20:12:48] [Server thread/DEBUG] [REI] ========================================
[20:12:48] [Server thread/DEBUG] [REI] REICommonPlugin starting post-reload for END.
[20:12:48] [Server thread/DEBUG] [REI] Reloadables (8):
[20:12:48] [Server thread/DEBUG] [REI]  - SlotAccessorRegistryImpl
[20:12:48] [Server thread/DEBUG] [REI]  - EntryTypeRegistryImpl
[20:12:48] [Server thread/DEBUG] [REI]  - EntrySettingsAdapterRegistryImpl
[20:12:48] [Server thread/DEBUG] [REI]  - ItemComparatorRegistryImpl
[20:12:48] [Server thread/DEBUG] [REI]  - FluidComparatorRegistryImpl
[20:12:48] [Server thread/DEBUG] [REI]  - DisplaySerializerRegistryImpl
[20:12:48] [Server thread/DEBUG] [REI]  - ServerDisplayRegistryImpl
[20:12:48] [Server thread/DEBUG] [REI]  - FluidSupportProviderImpl
[20:12:48] [Server thread/DEBUG] [REI] Plugins (3):
[20:12:48] [Server thread/DEBUG] [REI]  - (-100.00) DefaultPlugin of DefaultPlugin [roughlyenoughitems]
[20:12:48] [Server thread/DEBUG] [REI]  - (0.00) FabricFluidAPISupportPlugin
[20:12:48] [Server thread/DEBUG] [REI]  - (0.00) DefaultRuntimePlugin of DefaultRuntimePlugin [roughlyenoughitems]
[20:12:48] [Server thread/DEBUG] [REI] ========================================
[20:12:48] [Server thread/TRACE] [REI] [REICommonPlugin END] Reloading Section: "post-register/"
[20:12:48] [Server thread/TRACE] [REI] [REICommonPlugin END] Reloading Section: "post-register/DefaultPlugin of DefaultPlugin [roughlyenoughitems]/"
[20:12:48] [Server thread/TRACE] [REI] [REICommonPlugin END] Reloading Section: "post-register/DefaultPlugin of DefaultPlugin [roughlyenoughitems]/" done in 25.60 μs
[20:12:48] [Server thread/TRACE] [REI] [REICommonPlugin END] Reloading Section: "post-register/FabricFluidAPISupportPlugin/"
[20:12:48] [Server thread/TRACE] [REI] [REICommonPlugin END] Reloading Section: "post-register/FabricFluidAPISupportPlugin/" done in 18.79 μs
[20:12:48] [Server thread/TRACE] [REI] [REICommonPlugin END] Reloading Section: "post-register/DefaultRuntimePlugin of DefaultRuntimePlugin [roughlyenoughitems]/"
[20:12:48] [Server thread/TRACE] [REI] [REICommonPlugin END] Reloading Section: "post-register/DefaultRuntimePlugin of DefaultRuntimePlugin [roughlyenoughitems]/" done in 18.95 μs
[20:12:48] [Server thread/TRACE] [REI] [REICommonPlugin END] Reloading Section: "post-register/" done in 232.9 μs
[20:12:48] [Server thread/TRACE] [REI] [REICommonPlugin END] Reloading Section: "post-stage/"
[20:12:48] [Server thread/TRACE] [REI] [REICommonPlugin END] Reloading Section: "post-stage/SlotAccessorRegistryImpl/"
[20:12:48] [Server thread/TRACE] [REI] [REICommonPlugin END] Reloading Section: "post-stage/SlotAccessorRegistryImpl/" done in 15.73 μs
[20:12:48] [Server thread/TRACE] [REI] [REICommonPlugin END] Reloading Section: "post-stage/EntryTypeRegistryImpl/"
[20:12:48] [Server thread/TRACE] [REI] [REICommonPlugin END] Reloading Section: "post-stage/EntryTypeRegistryImpl/" done in 22.02 μs
[20:12:48] [Server thread/TRACE] [REI] [REICommonPlugin END] Reloading Section: "post-stage/EntrySettingsAdapterRegistryImpl/"
[20:12:48] [Server thread/TRACE] [REI] [REICommonPlugin END] Reloading Section: "post-stage/EntrySettingsAdapterRegistryImpl/" done in 17.56 μs
[20:12:48] [Server thread/TRACE] [REI] [REICommonPlugin END] Reloading Section: "post-stage/ItemComparatorRegistryImpl/"
[20:12:48] [Server thread/TRACE] [REI] [REICommonPlugin END] Reloading Section: "post-stage/ItemComparatorRegistryImpl/" done in 15.70 μs
[20:12:48] [Server thread/TRACE] [REI] [REICommonPlugin END] Reloading Section: "post-stage/FluidComparatorRegistryImpl/"
[20:12:48] [Server thread/TRACE] [REI] [REICommonPlugin END] Reloading Section: "post-stage/FluidComparatorRegistryImpl/" done in 16.08 μs
[20:12:48] [Server thread/TRACE] [REI] [REICommonPlugin END] Reloading Section: "post-stage/DisplaySerializerRegistryImpl/"
[20:12:48] [Server thread/TRACE] [REI] [REICommonPlugin END] Reloading Section: "post-stage/DisplaySerializerRegistryImpl/" done in 15.15 μs
[20:12:48] [Server thread/TRACE] [REI] [REICommonPlugin END] Reloading Section: "post-stage/ServerDisplayRegistryImpl/"
[20:12:48] [Server thread/TRACE] [REI] [REICommonPlugin END] Reloading Section: "post-stage/ServerDisplayRegistryImpl/" done in 15.09 μs
[20:12:48] [Server thread/TRACE] [REI] [REICommonPlugin END] Reloading Section: "post-stage/FluidSupportProviderImpl/"
[20:12:48] [Server thread/TRACE] [REI] [REICommonPlugin END] Reloading Section: "post-stage/FluidSupportProviderImpl/" done in 16.93 μs
[20:12:48] [Server thread/TRACE] [REI] [REICommonPlugin END] Reloading Section: "post-stage/" done in 513.6 μs
[20:12:48] [Server thread/DEBUG] [REI] ========================================
[20:12:48] [Server thread/INFO] [REI] REICommonPlugin finished post-reload for END in 812.9 μs, totaling 78.08 ms.
[20:12:48] [Server thread/DEBUG] [REI] ========================================
[20:12:49] [Server thread/DEBUG] [REI] Updating players with new displays version 41DE456C00000001 [from 41DE456C00000000]
[20:12:51] [Server thread/DEBUG] [REI] Player klyo has outdated displays version 0 [latest version: 41DE456C00000001]
[20:12:51] [Server thread/DEBUG] [REI] Player klyo has outdated displays version 0 [latest version: 41DE456C00000001], sending reset packet request.
[20:12:55] [Server thread/DEBUG] [REI] Player faribel has outdated displays version 0 [latest version: 41DE456C00000001]
[20:12:55] [Server thread/DEBUG] [REI] Player faribel has outdated displays version 0 [latest version: 41DE456C00000001], sending reset packet request.
[20:13:08] [Server thread/DEBUG] [REI] Player DTav has outdated displays version 0 [latest version: 41DE456C00000001]
[20:13:08] [Server thread/DEBUG] [REI] Player DTav has outdated displays version 0 [latest version: 41DE456C00000001], sending reset packet request.
[20:14:14] [Server thread/DEBUG] [REI] Player faribel has outdated displays version 0 [latest version: 41DE456C00000001]
[20:14:14] [Server thread/DEBUG] [REI] Player faribel has outdated displays version 0 [latest version: 41DE456C00000001], sending reset packet request.
[20:14:41] [Server thread/DEBUG] [REI] Player SaidKiller__ has outdated displays version 0 [latest version: 41DE456C00000001]
[20:14:41] [Server thread/DEBUG] [REI] Player SaidKiller__ has outdated displays version 0 [latest version: 41DE456C00000001], sending reset packet request.
[20:19:11] [Server thread/DEBUG] [REI] Player caquitoquito has outdated displays version 0 [latest version: 41DE456C00000001]
[20:19:11] [Server thread/DEBUG] [REI] Player caquitoquito has outdated displays version 0 [latest version: 41DE456C00000001], sending reset packet request.
[20:41:13] [Server thread/DEBUG] [REI] Player Don_Jaiba has outdated displays version 0 [latest version: 41DE456C00000001]
[20:41:13] [Server thread/DEBUG] [REI] Player Don_Jaiba has outdated displays version 0 [latest version: 41DE456C00000001], sending reset packet request.
